---------------  S U M M A R Y ------------

Command Line: -ea -XX:+ShowCodeDetailsInExceptionMessages -Dfile.encoding=UTF-8 com.microsoft.java.test.runner.Launcher 64684 testng testcase.TC001_LoginPage#verifyAlltheElements

Host: Intel(R) Pentium(R) CPU A1018 @ 2.10GHz, 2 cores, 1G,  Windows 8.1 , 64 bit Build 9600 (6.3.9600.17415)
Time: Wed Nov  3 15:45:25 2021 India Standard Time elapsed time: 18.574501 seconds (0d 0h 0m 18s)

---------------  T H R E A D  ---------------

Current thread (0x0000002b8d5dc270):  JavaThread "main" [_thread_in_vm, id=4668, stack(0x0000002b8cc80000,0x0000002b8cd80000)]

Stack: [0x0000002b8cc80000,0x0000002b8cd80000]
Native frames: (J=compiled Java code, j=interpreted, Vv=VM code, C=native code)
V  [jvm.dll+0x6744da]
V  [jvm.dll+0x82e144]
V  [jvm.dll+0x82f8ee]
V  [jvm.dll+0x82ff53]
V  [jvm.dll+0x245175]
V  [jvm.dll+0x82a0eb]
V  [jvm.dll+0x619566]
V  [jvm.dll+0x1bff1e]
V  [jvm.dll+0x61beb1]
V  [jvm.dll+0x619f06]
V  [jvm.dll+0x242bcc]
V  [jvm.dll+0x6ca87d]
V  [jvm.dll+0x6cb2af]
V  [jvm.dll+0x36f6c3]
V  [jvm.dll+0x36e882]
V  [jvm.dll+0x36e828]
V  [jvm.dll+0x37e5ea]
C  0x0000002b9508ac94

Java frames: (J=compiled Java code, j=interpreted, Vv=VM code)
j  com.google.gson.GsonBuilder.create()Lcom/google/gson/Gson;+85
j  com.microsoft.java.test.runner.common.TestOutputStream.toJson(Lcom/microsoft/java/test/runner/common/TestMessageItem;)Ljava/lang/String;+19
j  com.microsoft.java.test.runner.common.TestOutputStream.println(Lcom/microsoft/java/test/runner/common/TestMessageItem;)V+1
j  com.microsoft.java.test.runner.common.TestRunnerMessageHelper.testStarted(Ljava/lang/String;)V+9
j  com.microsoft.java.test.runner.testng.TestNGListener.onTestStart(Lorg/testng/ITestResult;)V+38
j  org.testng.internal.TestListenerHelper.runTestListeners(Lorg/testng/ITestResult;Ljava/util/List;)V+143
j  org.testng.internal.TestInvoker.runTestResultListener(Lorg/testng/ITestResult;)V+10
j  org.testng.internal.TestInvoker.registerSkippedTestResult(Lorg/testng/ITestNGMethod;JLjava/lang/Throwable;Lorg/testng/ITestResult;)Lorg/testng/ITestResult;+37
j  org.testng.internal.TestInvoker.invokeMethod(Lorg/testng/internal/TestMethodArguments;Lorg/testng/xml/XmlSuite;Lorg/testng/internal/ITestInvoker$FailureContext;)Lorg/testng/ITestResult;+190
j  org.testng.internal.TestInvoker.invokeTestMethod(Lorg/testng/internal/TestMethodArguments;Lorg/testng/xml/XmlSuite;Lorg/testng/internal/ITestInvoker$FailureContext;)Lorg/testng/ITestResult;+16
j  org.testng.internal.MethodRunner.runInSequence(Lorg/testng/internal/TestMethodArguments;Lorg/testng/internal/ITestInvoker;Lorg/testng/ITestContext;Ljava/util/concurrent/atomic/AtomicInteger;Lorg/testng/internal/ITestInvoker$FailureContext;Ljava/util/Iterator;Z)Ljava/util/List;+127
j  org.testng.internal.TestInvoker$MethodInvocationAgent.invoke(I)I+313
j  org.testng.internal.TestInvoker.invokeTestMethods(Lorg/testng/ITestNGMethod;Lorg/testng/internal/ConfigurationGroupMethods;Ljava/lang/Object;Lorg/testng/ITestContext;)Ljava/util/List;+389
j  org.testng.internal.TestMethodWorker.invokeTestMethods(Lorg/testng/ITestNGMethod;Ljava/lang/Object;)V+14
j  org.testng.internal.TestMethodWorker.run()V+127
j  org.testng.TestRunner$$Lambda$163+0x0000000800cb5130.accept(Ljava/lang/Object;)V+7
j  java.util.ArrayList.forEach(Ljava/util/function/Consumer;)V+46 java.base@17.0.1
j  org.testng.TestRunner.privateRun(Lorg/testng/xml/XmlTest;)V+380
j  org.testng.TestRunner.run()V+25
j  org.testng.SuiteRunner.runTest(Lorg/testng/TestRunner;)V+21
j  org.testng.SuiteRunner.runSequentially()V+31
j  org.testng.SuiteRunner.privateRun()V+332
j  org.testng.SuiteRunner.run()V+6
j  org.testng.SuiteRunnerWorker.runSuite(Lorg/testng/internal/SuiteRunnerMap;Lorg/testng/xml/XmlSuite;)V+87
j  org.testng.SuiteRunnerWorker.run()V+12
j  org.testng.TestNG.runSuitesSequentially(Lorg/testng/xml/XmlSuite;Lorg/testng/internal/SuiteRunnerMap;ILjava/lang/String;)V+66
j  org.testng.TestNG.runSuitesLocally()Ljava/util/List;+156
j  org.testng.TestNG.runSuites()Ljava/util/List;+1
j  org.testng.TestNG.run()V+25
j  com.microsoft.java.test.runner.testng.TestNGRunner.run(Ljava/util/Map;)V+65
j  com.microsoft.java.test.runner.testng.TestNGLauncher.execute([Ljava/lang/String;)V+33
j  com.microsoft.java.test.runner.Launcher.main([Ljava/lang/String;)V+122
v  ~StubRoutines::call_stub

---------------  P R O C E S S  ---------------

Threads class SMR info:
_java_thread_list=0x0000002ba5cdfa40, length=20, elements={
0x0000002b8d5dc270, 0x0000002b8d657780, 0x0000002b8d659cb0, 0x0000002b8d665510,
0x0000002b8d666190, 0x0000002b8d667000, 0x0000002b8d669120, 0x0000002b8d66b010,
0x0000002b8d679c80, 0x0000002b8d17f9f0, 0x0000002b8d229310, 0x0000002b8d23bcd0,
0x0000002ba64e8040, 0x0000002ba66d8570, 0x0000002ba5aba7e0, 0x0000002ba5cbe1c0,
0x0000002ba5c75e50, 0x0000002ba5c18a50, 0x0000002ba5dc09a0, 0x0000002ba5dc04d0
}

Java Threads: ( => current thread )
=>0x0000002b8d5dc270 JavaThread "main" [_thread_in_vm, id=4668, stack(0x0000002b8cc80000,0x0000002b8cd80000)]
  0x0000002b8d657780 JavaThread "Reference Handler" daemon [_thread_blocked, id=7068, stack(0x0000002b8d340000,0x0000002b8d440000)]
  0x0000002b8d659cb0 JavaThread "Finalizer" daemon [_thread_blocked, id=6836, stack(0x0000002b8d440000,0x0000002b8d540000)]
  0x0000002b8d665510 JavaThread "Signal Dispatcher" daemon [_thread_blocked, id=4284, stack(0x0000002ba4150000,0x0000002ba4250000)]
  0x0000002b8d666190 JavaThread "Attach Listener" daemon [_thread_blocked, id=2084, stack(0x0000002ba4250000,0x0000002ba4350000)]
  0x0000002b8d667000 JavaThread "Service Thread" daemon [_thread_blocked, id=1520, stack(0x0000002ba4c00000,0x0000002ba4d00000)]
  0x0000002b8d669120 JavaThread "Monitor Deflation Thread" daemon [_thread_blocked, id=6720, stack(0x0000002ba4d00000,0x0000002ba4e00000)]
  0x0000002b8d66b010 JavaThread "C2 CompilerThread0" daemon [_thread_blocked, id=3212, stack(0x0000002ba4e00000,0x0000002ba4f00000)]
  0x0000002b8d679c80 JavaThread "C1 CompilerThread0" daemon [_thread_blocked, id=5388, stack(0x0000002ba4f00000,0x0000002ba5000000)]
  0x0000002b8d17f9f0 JavaThread "Sweeper thread" daemon [_thread_blocked, id=4988, stack(0x0000002ba5000000,0x0000002ba5100000)]
  0x0000002b8d229310 JavaThread "Notification Thread" daemon [_thread_blocked, id=5400, stack(0x0000002ba5100000,0x0000002ba5200000)]
  0x0000002b8d23bcd0 JavaThread "Common-Cleaner" daemon [_thread_blocked, id=452, stack(0x0000002ba5300000,0x0000002ba5400000)]
  0x0000002ba64e8040 JavaThread "ForkJoinPool.commonPool-worker-1" daemon [_thread_blocked, id=2648, stack(0x0000002ba72b0000,0x0000002ba73b0000)]
  0x0000002ba66d8570 JavaThread "AsyncHttpClient-1-1" daemon [_thread_blocked, id=5888, stack(0x0000002ba7c00000,0x0000002ba7d00000)]
  0x0000002ba5aba7e0 JavaThread "netty-client-timer-3-1" daemon [_thread_blocked, id=1724, stack(0x0000002ba8100000,0x0000002ba8200000)]
  0x0000002ba5cbe1c0 JavaThread "Driver Service Executor" daemon [_thread_blocked, id=6152, stack(0x0000002ba8300000,0x0000002ba8400000)]
  0x0000002ba5c75e50 JavaThread "Driver Service Executor" daemon [_thread_blocked, id=5972, stack(0x0000002ba8400000,0x0000002ba8500000)]
  0x0000002ba5c18a50 JavaThread "UrlChecker-2" daemon [_thread_blocked, id=3048, stack(0x0000002ba8500000,0x0000002ba8600000)]
  0x0000002ba5dc09a0 JavaThread "Keep-Alive-Timer" daemon [_thread_blocked, id=6116, stack(0x0000002ba8900000,0x0000002ba8a00000)]
  0x0000002ba5dc04d0 JavaThread "AsyncHttpClient-1-2" daemon [_thread_in_native, id=4808, stack(0x0000002ba8b00000,0x0000002ba8c00000)]

Other Threads:
  0x0000002b8d6509e0 VMThread "VM Thread" [stack: 0x0000002b8d240000,0x0000002b8d340000] [id=3396]
  0x0000002b8d232810 WatcherThread [stack: 0x0000002ba5200000,0x0000002ba5300000] [id=6300]

Threads with active compile tasks:

VM state: not at safepoint (normal execution)

VM Mutex/Monitor currently owned by a thread:  ([mutex/lock_event])
[0x0000002b8b36e330] Metaspace_lock - owner thread: 0x0000002b8d5dc270

OutOfMemory and StackOverflow Exception counts:
OutOfMemoryError java_heap_errors=1
LinkageErrors=53

Heap address: 0x00000000e6000000, size: 416 MB, Compressed Oops mode: 32-bit

CDS archive(s) mapped at: [0x0000000800000000-0x0000000800bc0000-0x0000000800bc0000), size 12320768, SharedBaseAddress: 0x0000000800000000, ArchiveRelocationMode: 0.
Compressed class space mapped at: 0x0000000800c00000-0x0000000840c00000, reserved size: 1073741824
Narrow klass base: 0x0000000800000000, Narrow klass shift: 0, Narrow klass range: 0x100000000

GC Precious Log:
 CPUs: 2 total, 2 available
 Memory: 1662M
 Large Page Support: Disabled
 NUMA Support: Disabled
 Compressed Oops: Enabled (32-bit)
 Heap Min Capacity: 8M
 Heap Initial Capacity: 26M
 Heap Max Capacity: 416M
 Pre-touch: Disabled

Heap:
 def new generation   total 8576K, used 2693K [0x00000000e6000000, 0x00000000e6940000, 0x00000000eeaa0000)
  eden space 7680K,  35% used [0x00000000e6000000, 0x00000000e62a17c0, 0x00000000e6780000)
  from space 896K,   0% used [0x00000000e6780000, 0x00000000e6780000, 0x00000000e6860000)
  to   space 896K,   0% used [0x00000000e6860000, 0x00000000e6860000, 0x00000000e6940000)
 tenured generation   total 18892K, used 9816K [0x00000000eeaa0000, 0x00000000efd13000, 0x0000000100000000)
   the space 18892K,  51% used [0x00000000eeaa0000, 0x00000000ef436118, 0x00000000ef436200, 0x00000000efd13000)
 Metaspace       used 18986K, committed 19200K, reserved 1073152K
  class space    used 2348K, committed 2496K, reserved 1048576K

Card table byte_map: [0x0000002b8cf60000,0x0000002b8d040000] _byte_map_base: 0x0000002b8c830000

Polling page: 0x0000002b8b470000

Metaspace:

Usage:
  Non-class:     16.25 MB used.
      Class:      2.29 MB used.
       Both:     18.54 MB used.

Virtual space:
  Non-class space:       24.00 MB reserved,      16.31 MB ( 68%) committed,  3 nodes.
      Class space:        1.00 GB reserved,       2.44 MB ( <1%) committed,  1 nodes.
             Both:        1.02 GB reserved,      18.75 MB (  2%) committed. 

Chunk freelists:
   Non-Class:  3.61 MB
       Class:  1.42 MB
        Both:  5.03 MB

MaxMetaspaceSize: unlimited
CompressedClassSpaceSize: 1.00 GB
Initial GC threshold: 21.00 MB
Current GC threshold: 30.88 MB
CDS: on
MetaspaceReclaimPolicy: balanced
 - commit_granule_bytes: 65536.
 - commit_granule_words: 8192.
 - virtual_space_node_default_size: 1048576.
 - enlarge_chunks_in_place: 1.
 - new_chunks_are_fully_committed: 0.
 - uncommit_free_chunks: 1.
 - use_allocation_guard: 0.
 - handle_deallocations: 1.


Internal statistics:

num_allocs_failed_limit: 0.
num_arena_births: 170.
num_arena_deaths: 28.
num_vsnodes_births: 4.
num_vsnodes_deaths: 0.
num_space_committed: 300.
num_space_uncommitted: 0.
num_chunks_returned_to_freelist: 33.
num_chunks_taken_from_freelist: 649.
num_chunk_merges: 7.
num_chunk_splits: 438.
num_chunks_enlarged: 351.
num_purges: 2.
num_inconsistent_stats: 0.

CodeHeap 'non-profiled nmethods': size=120064Kb used=861Kb max_used=861Kb free=119202Kb
 bounds [0x0000002b9cb30000, 0x0000002b9cda0000, 0x0000002ba4070000]
CodeHeap 'profiled nmethods': size=120000Kb used=4054Kb max_used=4054Kb free=115945Kb
 bounds [0x0000002b95600000, 0x0000002b95a00000, 0x0000002b9cb30000]
CodeHeap 'non-nmethods': size=5696Kb used=1240Kb max_used=1269Kb free=4455Kb
 bounds [0x0000002b95070000, 0x0000002b952e0000, 0x0000002b95600000]
 total_blobs=2579 nmethods=2031 adapters=463
 compilation: enabled
              stopped_count=0, restarted_count=0
 full_count=0

Compilation events (20 events):
Event: 18.351 Thread 0x0000002b8d679c80 2022       3       java.util.StringJoiner::toString (53 bytes)
Event: 18.351 Thread 0x0000002b8d679c80 nmethod 2022 0x0000002b959eb690 code [0x0000002b959eb840, 0x0000002b959eba68]
Event: 18.351 Thread 0x0000002b8d679c80 2023       3       java.lang.System$2::join (11 bytes)
Event: 18.354 Thread 0x0000002b8d679c80 nmethod 2023 0x0000002b959ebb10 code [0x0000002b959ebe60, 0x0000002b959ed348]
Event: 18.357 Thread 0x0000002b8d679c80 2025       3       jdk.internal.org.objectweb.asm.MethodVisitor::visitMethodInsn (80 bytes)
Event: 18.357 Thread 0x0000002b8d679c80 nmethod 2025 0x0000002b959ede10 code [0x0000002b959edfe0, 0x0000002b959ee4a8]
Event: 18.358 Thread 0x0000002b8d679c80 2026       3       java.lang.invoke.LambdaFormEditor$TransformKey::bval (26 bytes)
Event: 18.358 Thread 0x0000002b8d679c80 nmethod 2026 0x0000002b959ee610 code [0x0000002b959ee7a0, 0x0000002b959ee898]
Event: 18.380 Thread 0x0000002b8d679c80 2027   !   3       java.util.jar.Attributes::read (530 bytes)
Event: 18.382 Thread 0x0000002b8d66b010 2028 %     4       sun.security.provider.SHA2::implCompress0 @ 27 (490 bytes)
Event: 18.386 Thread 0x0000002b8d679c80 nmethod 2027 0x0000002b959ee910 code [0x0000002b959ef100, 0x0000002b959f3068]
Event: 18.410 Thread 0x0000002b8d679c80 2029       3       sun.security.x509.X509CertImpl::getEncodedInternal (20 bytes)
Event: 18.411 Thread 0x0000002b8d66b010 nmethod 2028% 0x0000002b9cc05690 code [0x0000002b9cc05820, 0x0000002b9cc06258]
Event: 18.411 Thread 0x0000002b8d679c80 nmethod 2029 0x0000002b959f4a10 code [0x0000002b959f4c20, 0x0000002b959f5408]
Event: 18.419 Thread 0x0000002b8d66b010 2030   !   4       java.util.zip.Inflater::inflate (418 bytes)
Event: 18.428 Thread 0x0000002b8d66b010 nmethod 2030 0x0000002b9cc06510 code [0x0000002b9cc066c0, 0x0000002b9cc06d98]
Event: 18.454 Thread 0x0000002b8d679c80 2031       3       java.lang.ref.SoftReference::get (29 bytes)
Event: 18.454 Thread 0x0000002b8d679c80 nmethod 2031 0x0000002b959f5610 code [0x0000002b959f57a0, 0x0000002b959f5958]
Event: 18.457 Thread 0x0000002b8d66b010 2032       4       java.util.WeakHashMap::hash (28 bytes)
Event: 18.460 Thread 0x0000002b8d66b010 nmethod 2032 0x0000002b9cc07410 code [0x0000002b9cc075a0, 0x0000002b9cc076b8]

GC Heap History (20 events):
Event: 4.500 GC heap before
{Heap before GC invocations=1 (full 0):
 def new generation   total 8000K, used 8000K [0x00000000e6000000, 0x00000000e68a0000, 0x00000000eeaa0000)
  eden space 7168K, 100% used [0x00000000e6000000, 0x00000000e6700000, 0x00000000e6700000)
  from space 832K, 100% used [0x00000000e67d0000, 0x00000000e68a0000, 0x00000000e68a0000)
  to   space 832K,   0% used [0x00000000e6700000, 0x00000000e6700000, 0x00000000e67d0000)
 tenured generation   total 17792K, used 4515K [0x00000000eeaa0000, 0x00000000efc00000, 0x0000000100000000)
   the space 17792K,  25% used [0x00000000eeaa0000, 0x00000000eef08c78, 0x00000000eef08e00, 0x00000000efc00000)
 Metaspace       used 4297K, committed 4352K, reserved 1056768K
  class space    used 428K, committed 448K, reserved 1048576K
}
Event: 4.510 GC heap after
{Heap after GC invocations=2 (full 0):
 def new generation   total 8000K, used 832K [0x00000000e6000000, 0x00000000e68a0000, 0x00000000eeaa0000)
  eden space 7168K,   0% used [0x00000000e6000000, 0x00000000e6000000, 0x00000000e6700000)
  from space 832K, 100% used [0x00000000e6700000, 0x00000000e67d0000, 0x00000000e67d0000)
  to   space 832K,   0% used [0x00000000e67d0000, 0x00000000e67d0000, 0x00000000e68a0000)
 tenured generation   total 17792K, used 5511K [0x00000000eeaa0000, 0x00000000efc00000, 0x0000000100000000)
   the space 17792K,  30% used [0x00000000eeaa0000, 0x00000000ef001e78, 0x00000000ef002000, 0x00000000efc00000)
 Metaspace       used 4297K, committed 4352K, reserved 1056768K
  class space    used 428K, committed 448K, reserved 1048576K
}
Event: 5.533 GC heap before
{Heap before GC invocations=2 (full 0):
 def new generation   total 8000K, used 8000K [0x00000000e6000000, 0x00000000e68a0000, 0x00000000eeaa0000)
  eden space 7168K, 100% used [0x00000000e6000000, 0x00000000e6700000, 0x00000000e6700000)
  from space 832K, 100% used [0x00000000e6700000, 0x00000000e67d0000, 0x00000000e67d0000)
  to   space 832K,   0% used [0x00000000e67d0000, 0x00000000e67d0000, 0x00000000e68a0000)
 tenured generation   total 17792K, used 5511K [0x00000000eeaa0000, 0x00000000efc00000, 0x0000000100000000)
   the space 17792K,  30% used [0x00000000eeaa0000, 0x00000000ef001e78, 0x00000000ef002000, 0x00000000efc00000)
 Metaspace       used 5982K, committed 6208K, reserved 1056768K
  class space    used 619K, committed 704K, reserved 1048576K
}
Event: 5.542 GC heap after
{Heap after GC invocations=3 (full 0):
 def new generation   total 8000K, used 832K [0x00000000e6000000, 0x00000000e68a0000, 0x00000000eeaa0000)
  eden space 7168K,   0% used [0x00000000e6000000, 0x00000000e6000000, 0x00000000e6700000)
  from space 832K, 100% used [0x00000000e67d0000, 0x00000000e68a0000, 0x00000000e68a0000)
  to   space 832K,   0% used [0x00000000e6700000, 0x00000000e6700000, 0x00000000e67d0000)
 tenured generation   total 17792K, used 6501K [0x00000000eeaa0000, 0x00000000efc00000, 0x0000000100000000)
   the space 17792K,  36% used [0x00000000eeaa0000, 0x00000000ef0f95d0, 0x00000000ef0f9600, 0x00000000efc00000)
 Metaspace       used 5982K, committed 6208K, reserved 1056768K
  class space    used 619K, committed 704K, reserved 1048576K
}
Event: 6.440 GC heap before
{Heap before GC invocations=3 (full 0):
 def new generation   total 8000K, used 8000K [0x00000000e6000000, 0x00000000e68a0000, 0x00000000eeaa0000)
  eden space 7168K, 100% used [0x00000000e6000000, 0x00000000e6700000, 0x00000000e6700000)
  from space 832K, 100% used [0x00000000e67d0000, 0x00000000e68a0000, 0x00000000e68a0000)
  to   space 832K,   0% used [0x00000000e6700000, 0x00000000e6700000, 0x00000000e67d0000)
 tenured generation   total 17792K, used 6501K [0x00000000eeaa0000, 0x00000000efc00000, 0x0000000100000000)
   the space 17792K,  36% used [0x00000000eeaa0000, 0x00000000ef0f95d0, 0x00000000ef0f9600, 0x00000000efc00000)
 Metaspace       used 8025K, committed 8256K, reserved 1056768K
  class space    used 912K, committed 1024K, reserved 1048576K
}
Event: 6.447 GC heap after
{Heap after GC invocations=4 (full 0):
 def new generation   total 8000K, used 685K [0x00000000e6000000, 0x00000000e68a0000, 0x00000000eeaa0000)
  eden space 7168K,   0% used [0x00000000e6000000, 0x00000000e6000000, 0x00000000e6700000)
  from space 832K,  82% used [0x00000000e6700000, 0x00000000e67ab448, 0x00000000e67d0000)
  to   space 832K,   0% used [0x00000000e67d0000, 0x00000000e67d0000, 0x00000000e68a0000)
 tenured generation   total 17792K, used 7320K [0x00000000eeaa0000, 0x00000000efc00000, 0x0000000100000000)
   the space 17792K,  41% used [0x00000000eeaa0000, 0x00000000ef1c6328, 0x00000000ef1c6400, 0x00000000efc00000)
 Metaspace       used 8025K, committed 8256K, reserved 1056768K
  class space    used 912K, committed 1024K, reserved 1048576K
}
Event: 7.512 GC heap before
{Heap before GC invocations=4 (full 0):
 def new generation   total 8000K, used 7853K [0x00000000e6000000, 0x00000000e68a0000, 0x00000000eeaa0000)
  eden space 7168K, 100% used [0x00000000e6000000, 0x00000000e6700000, 0x00000000e6700000)
  from space 832K,  82% used [0x00000000e6700000, 0x00000000e67ab448, 0x00000000e67d0000)
  to   space 832K,   0% used [0x00000000e67d0000, 0x00000000e67d0000, 0x00000000e68a0000)
 tenured generation   total 17792K, used 7320K [0x00000000eeaa0000, 0x00000000efc00000, 0x0000000100000000)
   the space 17792K,  41% used [0x00000000eeaa0000, 0x00000000ef1c6328, 0x00000000ef1c6400, 0x00000000efc00000)
 Metaspace       used 10686K, committed 10880K, reserved 1064960K
  class space    used 1227K, committed 1344K, reserved 1048576K
}
Event: 7.519 GC heap after
{Heap after GC invocations=5 (full 0):
 def new generation   total 8000K, used 832K [0x00000000e6000000, 0x00000000e68a0000, 0x00000000eeaa0000)
  eden space 7168K,   0% used [0x00000000e6000000, 0x00000000e6000000, 0x00000000e6700000)
  from space 832K, 100% used [0x00000000e67d0000, 0x00000000e68a0000, 0x00000000e68a0000)
  to   space 832K,   0% used [0x00000000e6700000, 0x00000000e6700000, 0x00000000e67d0000)
 tenured generation   total 17792K, used 8131K [0x00000000eeaa0000, 0x00000000efc00000, 0x0000000100000000)
   the space 17792K,  45% used [0x00000000eeaa0000, 0x00000000ef290c88, 0x00000000ef290e00, 0x00000000efc00000)
 Metaspace       used 10686K, committed 10880K, reserved 1064960K
  class space    used 1227K, committed 1344K, reserved 1048576K
}
Event: 8.809 GC heap before
{Heap before GC invocations=5 (full 0):
 def new generation   total 8000K, used 8000K [0x00000000e6000000, 0x00000000e68a0000, 0x00000000eeaa0000)
  eden space 7168K, 100% used [0x00000000e6000000, 0x00000000e6700000, 0x00000000e6700000)
  from space 832K, 100% used [0x00000000e67d0000, 0x00000000e68a0000, 0x00000000e68a0000)
  to   space 832K,   0% used [0x00000000e6700000, 0x00000000e6700000, 0x00000000e67d0000)
 tenured generation   total 17792K, used 8131K [0x00000000eeaa0000, 0x00000000efc00000, 0x0000000100000000)
   the space 17792K,  45% used [0x00000000eeaa0000, 0x00000000ef290c88, 0x00000000ef290e00, 0x00000000efc00000)
 Metaspace       used 13062K, committed 13248K, reserved 1064960K
  class space    used 1501K, committed 1600K, reserved 1048576K
}
Event: 8.816 GC heap after
{Heap after GC invocations=6 (full 0):
 def new generation   total 8000K, used 832K [0x00000000e6000000, 0x00000000e68a0000, 0x00000000eeaa0000)
  eden space 7168K,   0% used [0x00000000e6000000, 0x00000000e6000000, 0x00000000e6700000)
  from space 832K, 100% used [0x00000000e6700000, 0x00000000e67d0000, 0x00000000e67d0000)
  to   space 832K,   0% used [0x00000000e67d0000, 0x00000000e67d0000, 0x00000000e68a0000)
 tenured generation   total 17792K, used 9235K [0x00000000eeaa0000, 0x00000000efc00000, 0x0000000100000000)
   the space 17792K,  51% used [0x00000000eeaa0000, 0x00000000ef3a4e10, 0x00000000ef3a5000, 0x00000000efc00000)
 Metaspace       used 13062K, committed 13248K, reserved 1064960K
  class space    used 1501K, committed 1600K, reserved 1048576K
}
Event: 9.311 GC heap before
{Heap before GC invocations=6 (full 0):
 def new generation   total 8000K, used 8000K [0x00000000e6000000, 0x00000000e68a0000, 0x00000000eeaa0000)
  eden space 7168K, 100% used [0x00000000e6000000, 0x00000000e6700000, 0x00000000e6700000)
  from space 832K, 100% used [0x00000000e6700000, 0x00000000e67d0000, 0x00000000e67d0000)
  to   space 832K,   0% used [0x00000000e67d0000, 0x00000000e67d0000, 0x00000000e68a0000)
 tenured generation   total 17792K, used 9235K [0x00000000eeaa0000, 0x00000000efc00000, 0x0000000100000000)
   the space 17792K,  51% used [0x00000000eeaa0000, 0x00000000ef3a4e10, 0x00000000ef3a5000, 0x00000000efc00000)
 Metaspace       used 15098K, committed 15296K, reserved 1064960K
  class space    used 1787K, committed 1856K, reserved 1048576K
}
Event: 9.316 GC heap after
{Heap after GC invocations=7 (full 0):
 def new generation   total 8000K, used 413K [0x00000000e6000000, 0x00000000e68a0000, 0x00000000eeaa0000)
  eden space 7168K,   0% used [0x00000000e6000000, 0x00000000e6000000, 0x00000000e6700000)
  from space 832K,  49% used [0x00000000e67d0000, 0x00000000e6837448, 0x00000000e68a0000)
  to   space 832K,   0% used [0x00000000e6700000, 0x00000000e6700000, 0x00000000e67d0000)
 tenured generation   total 17792K, used 10065K [0x00000000eeaa0000, 0x00000000efc00000, 0x0000000100000000)
   the space 17792K,  56% used [0x00000000eeaa0000, 0x00000000ef474748, 0x00000000ef474800, 0x00000000efc00000)
 Metaspace       used 15098K, committed 15296K, reserved 1064960K
  class space    used 1787K, committed 1856K, reserved 1048576K
}
Event: 17.337 GC heap before
{Heap before GC invocations=7 (full 0):
 def new generation   total 8000K, used 7581K [0x00000000e6000000, 0x00000000e68a0000, 0x00000000eeaa0000)
  eden space 7168K, 100% used [0x00000000e6000000, 0x00000000e6700000, 0x00000000e6700000)
  from space 832K,  49% used [0x00000000e67d0000, 0x00000000e6837448, 0x00000000e68a0000)
  to   space 832K,   0% used [0x00000000e6700000, 0x00000000e6700000, 0x00000000e67d0000)
 tenured generation   total 17792K, used 10065K [0x00000000eeaa0000, 0x00000000efc00000, 0x0000000100000000)
   the space 17792K,  56% used [0x00000000eeaa0000, 0x00000000ef474748, 0x00000000ef474800, 0x00000000efc00000)
 Metaspace       used 17147K, committed 17344K, reserved 1064960K
  class space    used 2072K, committed 2176K, reserved 1048576K
}
Event: 17.342 GC heap after
{Heap after GC invocations=8 (full 0):
 def new generation   total 8000K, used 832K [0x00000000e6000000, 0x00000000e68a0000, 0x00000000eeaa0000)
  eden space 7168K,   0% used [0x00000000e6000000, 0x00000000e6000000, 0x00000000e6700000)
  from space 832K, 100% used [0x00000000e6700000, 0x00000000e67d0000, 0x00000000e67d0000)
  to   space 832K,   0% used [0x00000000e67d0000, 0x00000000e67d0000, 0x00000000e68a0000)
 tenured generation   total 17792K, used 10105K [0x00000000eeaa0000, 0x00000000efc00000, 0x0000000100000000)
   the space 17792K,  56% used [0x00000000eeaa0000, 0x00000000ef47e600, 0x00000000ef47e600, 0x00000000efc00000)
 Metaspace       used 17147K, committed 17344K, reserved 1064960K
  class space    used 2072K, committed 2176K, reserved 1048576K
}
Event: 17.722 GC heap before
{Heap before GC invocations=8 (full 0):
 def new generation   total 8000K, used 6648K [0x00000000e6000000, 0x00000000e68a0000, 0x00000000eeaa0000)
  eden space 7168K,  81% used [0x00000000e6000000, 0x00000000e65ae048, 0x00000000e6700000)
  from space 832K, 100% used [0x00000000e6700000, 0x00000000e67d0000, 0x00000000e67d0000)
  to   space 832K,   0% used [0x00000000e67d0000, 0x00000000e67d0000, 0x00000000e68a0000)
 tenured generation   total 17792K, used 10105K [0x00000000eeaa0000, 0x00000000efc00000, 0x0000000100000000)
   the space 17792K,  56% used [0x00000000eeaa0000, 0x00000000ef47e600, 0x00000000ef47e600, 0x00000000efc00000)
 Metaspace       used 18675K, committed 18944K, reserved 1073152K
  class space    used 2289K, committed 2432K, reserved 1048576K
}
Event: 17.729 GC heap after
{Heap after GC invocations=9 (full 0):
 def new generation   total 8000K, used 409K [0x00000000e6000000, 0x00000000e68a0000, 0x00000000eeaa0000)
  eden space 7168K,   0% used [0x00000000e6000000, 0x00000000e6000000, 0x00000000e6700000)
  from space 832K,  49% used [0x00000000e67d0000, 0x00000000e6836480, 0x00000000e68a0000)
  to   space 832K,   0% used [0x00000000e6700000, 0x00000000e6700000, 0x00000000e67d0000)
 tenured generation   total 17792K, used 10924K [0x00000000eeaa0000, 0x00000000efc00000, 0x0000000100000000)
   the space 17792K,  61% used [0x00000000eeaa0000, 0x00000000ef54b290, 0x00000000ef54b400, 0x00000000efc00000)
 Metaspace       used 18675K, committed 18944K, reserved 1073152K
  class space    used 2289K, committed 2432K, reserved 1048576K
}
Event: 17.729 GC heap before
{Heap before GC invocations=9 (full 0):
 def new generation   total 8000K, used 409K [0x00000000e6000000, 0x00000000e68a0000, 0x00000000eeaa0000)
  eden space 7168K,   0% used [0x00000000e6000000, 0x00000000e6000000, 0x00000000e6700000)
  from space 832K,  49% used [0x00000000e67d0000, 0x00000000e6836480, 0x00000000e68a0000)
  to   space 832K,   0% used [0x00000000e6700000, 0x00000000e6700000, 0x00000000e67d0000)
 tenured generation   total 17792K, used 10924K [0x00000000eeaa0000, 0x00000000efc00000, 0x0000000100000000)
   the space 17792K,  61% used [0x00000000eeaa0000, 0x00000000ef54b290, 0x00000000ef54b400, 0x00000000efc00000)
 Metaspace       used 18675K, committed 18944K, reserved 1073152K
  class space    used 2289K, committed 2432K, reserved 1048576K
}
Event: 17.761 GC heap after
{Heap after GC invocations=9 (full 1):
 def new generation   total 8576K, used 0K [0x00000000e6000000, 0x00000000e6940000, 0x00000000eeaa0000)
  eden space 7680K,   0% used [0x00000000e6000000, 0x00000000e6000000, 0x00000000e6780000)
  from space 896K,   0% used [0x00000000e6780000, 0x00000000e6780000, 0x00000000e6860000)
  to   space 896K,   0% used [0x00000000e6860000, 0x00000000e6860000, 0x00000000e6940000)
 tenured generation   total 18892K, used 11333K [0x00000000eeaa0000, 0x00000000efd13000, 0x0000000100000000)
   the space 18892K,  59% used [0x00000000eeaa0000, 0x00000000ef5b16d0, 0x00000000ef5b1800, 0x00000000efd13000)
 Metaspace       used 18675K, committed 18944K, reserved 1073152K
  class space    used 2289K, committed 2432K, reserved 1048576K
}
Event: 17.761 GC heap before
{Heap before GC invocations=9 (full 1):
 def new generation   total 8576K, used 0K [0x00000000e6000000, 0x00000000e6940000, 0x00000000eeaa0000)
  eden space 7680K,   0% used [0x00000000e6000000, 0x00000000e6000000, 0x00000000e6780000)
  from space 896K,   0% used [0x00000000e6780000, 0x00000000e6780000, 0x00000000e6860000)
  to   space 896K,   0% used [0x00000000e6860000, 0x00000000e6860000, 0x00000000e6940000)
 tenured generation   total 18892K, used 11333K [0x00000000eeaa0000, 0x00000000efd13000, 0x0000000100000000)
   the space 18892K,  59% used [0x00000000eeaa0000, 0x00000000ef5b16d0, 0x00000000ef5b1800, 0x00000000efd13000)
 Metaspace       used 18675K, committed 18944K, reserved 1073152K
  class space    used 2289K, committed 2432K, reserved 1048576K
}
Event: 17.797 GC heap after
{Heap after GC invocations=10 (full 2):
 def new generation   total 8576K, used 0K [0x00000000e6000000, 0x00000000e6940000, 0x00000000eeaa0000)
  eden space 7680K,   0% used [0x00000000e6000000, 0x00000000e6000000, 0x00000000e6780000)
  from space 896K,   0% used [0x00000000e6780000, 0x00000000e6780000, 0x00000000e6860000)
  to   space 896K,   0% used [0x00000000e6860000, 0x00000000e6860000, 0x00000000e6940000)
 tenured generation   total 18892K, used 9816K [0x00000000eeaa0000, 0x00000000efd13000, 0x0000000100000000)
   the space 18892K,  51% used [0x00000000eeaa0000, 0x00000000ef436118, 0x00000000ef436200, 0x00000000efd13000)
 Metaspace       used 18642K, committed 18944K, reserved 1073152K
  class space    used 2282K, committed 2432K, reserved 1048576K
}

Deoptimization events (20 events):
Event: 8.880 Thread 0x0000002b8d5dc270 Uncommon trap: trap_request=0xffffffde fr.pc=0x0000002b9cbda22c relative=0x000000000000010c
Event: 8.880 Thread 0x0000002b8d5dc270 Uncommon trap: reason=class_check action=maybe_recompile pc=0x0000002b9cbda22c method=jdk.internal.misc.Unsafe.allocateUninitializedArray(Ljava/lang/Class;I)Ljava/lang/Object; @ 51 c2
Event: 8.880 Thread 0x0000002b8d5dc270 DEOPT PACKING pc=0x0000002b9cbda22c sp=0x0000002b8cd7a8b0
Event: 8.880 Thread 0x0000002b8d5dc270 DEOPT UNPACKING pc=0x0000002b950c209d sp=0x0000002b8cd7a838 mode 2
Event: 9.303 Thread 0x0000002b8d5dc270 Uncommon trap: trap_request=0xffffff45 fr.pc=0x0000002b9cba2d28 relative=0x0000000000000488
Event: 9.303 Thread 0x0000002b8d5dc270 Uncommon trap: reason=unstable_if action=reinterpret pc=0x0000002b9cba2d28 method=java.lang.String.replace(CC)Ljava/lang/String; @ 2 c2
Event: 9.303 Thread 0x0000002b8d5dc270 DEOPT PACKING pc=0x0000002b9cba2d28 sp=0x0000002b8cd7d830
Event: 9.303 Thread 0x0000002b8d5dc270 DEOPT UNPACKING pc=0x0000002b950c209d sp=0x0000002b8cd7d7e0 mode 2
Event: 17.803 Thread 0x0000002ba5dc04d0 Uncommon trap: trap_request=0xffffff45 fr.pc=0x0000002b9cb9ddfc relative=0x000000000000007c
Event: 17.803 Thread 0x0000002ba5dc04d0 Uncommon trap: reason=unstable_if action=reinterpret pc=0x0000002b9cb9ddfc method=java.lang.ref.SoftReference.get()Ljava/lang/Object; @ 6 c2
Event: 17.803 Thread 0x0000002ba5dc04d0 DEOPT PACKING pc=0x0000002b9cb9ddfc sp=0x0000002ba8bfcd70
Event: 17.803 Thread 0x0000002ba5dc04d0 DEOPT UNPACKING pc=0x0000002b950c209d sp=0x0000002ba8bfcd00 mode 2
Event: 17.811 Thread 0x0000002ba5dc04d0 DEOPT PACKING pc=0x0000002b956448e8 sp=0x0000002ba8bfc600
Event: 17.811 Thread 0x0000002ba5dc04d0 DEOPT UNPACKING pc=0x0000002b950c2824 sp=0x0000002ba8bfba90 mode 0
Event: 17.813 Thread 0x0000002ba5dc04d0 DEOPT PACKING pc=0x0000002b956448e8 sp=0x0000002ba8bfd350
Event: 17.813 Thread 0x0000002ba5dc04d0 DEOPT UNPACKING pc=0x0000002b950c2824 sp=0x0000002ba8bfc7e0 mode 0
Event: 18.378 Thread 0x0000002b8d5dc270 Uncommon trap: trap_request=0xffffff45 fr.pc=0x0000002b9cbefd30 relative=0x0000000000000210
Event: 18.378 Thread 0x0000002b8d5dc270 Uncommon trap: reason=unstable_if action=reinterpret pc=0x0000002b9cbefd30 method=java.util.HashMap.hash(Ljava/lang/Object;)I @ 1 c2
Event: 18.378 Thread 0x0000002b8d5dc270 DEOPT PACKING pc=0x0000002b9cbefd30 sp=0x0000002b8cd7e0c0
Event: 18.378 Thread 0x0000002b8d5dc270 DEOPT UNPACKING pc=0x0000002b950c209d sp=0x0000002b8cd7dfb8 mode 2

Classes unloaded (14 events):
Event: 17.771 Thread 0x0000002b8d6509e0 Unloading class 0x0000000800e1dc00 'java/lang/invoke/LambdaForm$MH+0x0000000800e1dc00'
Event: 17.771 Thread 0x0000002b8d6509e0 Unloading class 0x0000000800e1d400 'java/lang/invoke/LambdaForm$MH+0x0000000800e1d400'
Event: 17.771 Thread 0x0000002b8d6509e0 Unloading class 0x0000000800e1d000 'java/lang/invoke/LambdaForm$MH+0x0000000800e1d000'
Event: 17.771 Thread 0x0000002b8d6509e0 Unloading class 0x0000000800e1cc00 'java/lang/invoke/LambdaForm$MH+0x0000000800e1cc00'
Event: 17.771 Thread 0x0000002b8d6509e0 Unloading class 0x0000000800e1c400 'java/lang/invoke/LambdaForm$MH+0x0000000800e1c400'
Event: 17.771 Thread 0x0000002b8d6509e0 Unloading class 0x0000000800e14400 'java/lang/invoke/LambdaForm$MH+0x0000000800e14400'
Event: 17.771 Thread 0x0000002b8d6509e0 Unloading class 0x0000000800ddc800 'java/lang/invoke/LambdaForm$DMH+0x0000000800ddc800'
Event: 17.771 Thread 0x0000002b8d6509e0 Unloading class 0x0000000800d38400 'jdk/internal/reflect/GeneratedConstructorAccessor7'
Event: 17.771 Thread 0x0000002b8d6509e0 Unloading class 0x0000000800d38000 'jdk/internal/reflect/GeneratedConstructorAccessor6'
Event: 17.771 Thread 0x0000002b8d6509e0 Unloading class 0x0000000800d37800 'jdk/internal/reflect/GeneratedConstructorAccessor4'
Event: 17.771 Thread 0x0000002b8d6509e0 Unloading class 0x0000000800d37400 'jdk/internal/reflect/GeneratedConstructorAccessor3'
Event: 17.771 Thread 0x0000002b8d6509e0 Unloading class 0x0000000800d37000 'jdk/internal/reflect/GeneratedConstructorAccessor2'
Event: 17.771 Thread 0x0000002b8d6509e0 Unloading class 0x0000000800c06800 'java/lang/invoke/LambdaForm$DMH+0x0000000800c06800'
Event: 17.771 Thread 0x0000002b8d6509e0 Unloading class 0x0000000800c06000 'java/lang/invoke/LambdaForm$DMH+0x0000000800c06000'

Classes redefined (0 events):
No events

Internal exceptions (20 events):
Event: 15.919 Thread 0x0000002ba5cb55c0 Exception <a 'java/lang/NoSuchMethodError'{0x00000000e60701d8}: 'java.lang.Object java.lang.invoke.DirectMethodHandle$Holder.newInvokeSpecial(java.lang.Object, long)'> (0x00000000e60701d8) 
thrown [e:\jenkins\tmp\workspace\build\src\src\hotspot\share\interpreter\linkResolver.cpp, line 766]
Event: 15.923 Thread 0x0000002ba5cb55c0 Exception <a 'java/lang/NoSuchMethodError'{0x00000000e607acd0}: 'java.lang.Object java.lang.invoke.DirectMethodHandle$Holder.invokeStaticInit(java.lang.Object, java.lang.Object, long, java.lang.Object)'> (0x00000000e607acd0) 
thrown [e:\jenkins\tmp\workspace\build\src\src\hotspot\share\interpreter\linkResolver.cpp, line 766]
Event: 15.925 Thread 0x0000002ba5cb55c0 Exception <a 'java/lang/NoSuchMethodError'{0x00000000e60825b0}: 'java.lang.Object java.lang.invoke.DirectMethodHandle$Holder.newInvokeSpecial(java.lang.Object, java.lang.Object, long)'> (0x00000000e60825b0) 
thrown [e:\jenkins\tmp\workspace\build\src\src\hotspot\share\interpreter\linkResolver.cpp, line 766]
Event: 15.926 Thread 0x0000002ba5cb55c0 Exception <a 'java/lang/NoSuchMethodError'{0x00000000e60868a0}: 'java.lang.Object java.lang.invoke.Invokers$Holder.linkToTargetMethod(java.lang.Object, long, java.lang.Object)'> (0x00000000e60868a0) 
thrown [e:\jenkins\tmp\workspace\build\src\src\hotspot\share\interpreter\linkResolver.cpp, line 766]
Event: 16.453 Thread 0x0000002ba5c18a50 Exception <a 'java/net/SocketException'{0x00000000e6065ad8}: Socket is not connected: shutdown> (0x00000000e6065ad8) 
thrown [e:\jenkins\tmp\workspace\build\src\src\hotspot\share\prims\jni.cpp, line 535]
Event: 16.848 Thread 0x0000002b8d5dc270 Exception <a 'java/lang/NoSuchMethodError'{0x00000000e61271c8}: 'double java.lang.invoke.DirectMethodHandle$Holder.invokeVirtual(java.lang.Object, java.lang.Object)'> (0x00000000e61271c8) 
thrown [e:\jenkins\tmp\workspace\build\src\src\hotspot\share\interpreter\linkResolver.cpp, line 766]
Event: 16.849 Thread 0x0000002b8d5dc270 Exception <a 'java/lang/NoSuchMethodError'{0x00000000e612d970}: 'float java.lang.invoke.DirectMethodHandle$Holder.invokeVirtual(java.lang.Object, java.lang.Object)'> (0x00000000e612d970) 
thrown [e:\jenkins\tmp\workspace\build\src\src\hotspot\share\interpreter\linkResolver.cpp, line 766]
Event: 16.852 Thread 0x0000002b8d5dc270 Exception <a 'java/lang/NoSuchMethodError'{0x00000000e61369d0}: 'long java.lang.invoke.DirectMethodHandle$Holder.invokeVirtual(java.lang.Object, java.lang.Object)'> (0x00000000e61369d0) 
thrown [e:\jenkins\tmp\workspace\build\src\src\hotspot\share\interpreter\linkResolver.cpp, line 766]
Event: 16.981 Thread 0x0000002b8d5dc270 Exception <a 'java/lang/NoSuchMethodError'{0x00000000e6273018}: 'void java.lang.invoke.DirectMethodHandle$Holder.invokeSpecial(java.lang.Object, java.lang.Object, java.lang.Object, java.lang.Object, java.lang.Object)'> (0x00000000e6273018) 
thrown [e:\jenkins\tmp\workspace\build\src\src\hotspot\share\interpreter\linkResolver.cpp, line 766]
Event: 16.983 Thread 0x0000002b8d5dc270 Exception <a 'java/lang/NoSuchMethodError'{0x00000000e6279ef8}: 'void java.lang.invoke.DirectMethodHandle$Holder.invokeStatic(java.lang.Object, java.lang.Object, int)'> (0x00000000e6279ef8) 
thrown [e:\jenkins\tmp\workspace\build\src\src\hotspot\share\interpreter\linkResolver.cpp, line 766]
Event: 17.033 Thread 0x0000002b8d5dc270 Exception <a 'java/lang/NoSuchMethodError'{0x00000000e6330970}: 'java.lang.Object java.lang.invoke.DirectMethodHandle$Holder.newInvokeSpecial(java.lang.Object, java.lang.Object, java.lang.Object, java.lang.Object, java.lang.Object)'> (0x00000000e6330970) 
thrown [e:\jenkins\tmp\workspace\build\src\src\hotspot\share\interpreter\linkResolver.cpp, line 766]
Event: 17.131 Thread 0x0000002b8d5dc270 Exception <a 'java/lang/NoSuchMethodError'{0x00000000e63fd6c8}: 'int java.lang.invoke.DirectMethodHandle$Holder.invokeSpecialIFC(java.lang.Object, java.lang.Object, java.lang.Object)'> (0x00000000e63fd6c8) 
thrown [e:\jenkins\tmp\workspace\build\src\src\hotspot\share\interpreter\linkResolver.cpp, line 766]
Event: 17.346 Thread 0x0000002b8d5dc270 Exception <a 'java/lang/NoSuchMethodError'{0x00000000e601eb10}: 'void java.lang.invoke.DirectMethodHandle$Holder.invokeSpecial(java.lang.Object, java.lang.Object, java.lang.Object, java.lang.Object, java.lang.Object, java.lang.Object)'> (0x00000000e601eb10) 
thrown [e:\jenkins\tmp\workspace\build\src\src\hotspot\share\interpreter\linkResolver.cpp, line 766]
Event: 17.801 Thread 0x0000002ba5dc04d0 Exception <a 'java/lang/OutOfMemoryError'{0x00000000eef43ab0}> (0x00000000eef43ab0) 
thrown [e:\jenkins\tmp\workspace\build\src\src\hotspot\share\gc\shared\memAllocator.cpp, line 136]
Event: 17.823 Thread 0x0000002b8d5dc270 Exception <a 'java/lang/ClassNotFoundException'{0x00000000e60996a8}: sun/misc/SharedSecrets> (0x00000000e60996a8) 
thrown [e:\jenkins\tmp\workspace\build\src\src\hotspot\share\classfile\systemDictionary.cpp, line 256]
Event: 18.341 Thread 0x0000002ba5c18a50 Exception <a 'java/net/SocketException'{0x00000000e60b4188}: Socket is not connected: shutdown> (0x00000000e60b4188) 
thrown [e:\jenkins\tmp\workspace\build\src\src\hotspot\share\prims\jni.cpp, line 535]
Event: 18.353 Thread 0x0000002b8d5dc270 Exception <a 'java/lang/NoSuchMethodError'{0x00000000e60fffd8}: 'void java.lang.invoke.DirectMethodHandle$Holder.invokeVirtual(java.lang.Object, java.lang.Object)'> (0x00000000e60fffd8) 
thrown [e:\jenkins\tmp\workspace\build\src\src\hotspot\share\interpreter\linkResolver.cpp, line 766]
Event: 18.354 Thread 0x0000002b8d5dc270 Exception <a 'java/lang/NullPointerException'{0x00000000e6105300}> (0x00000000e6105300) 
thrown [e:\jenkins\tmp\workspace\build\src\src\hotspot\share\interpreter\linkResolver.cpp, line 1357]
Event: 18.354 Thread 0x0000002b8d5dc270 Exception <a 'java/lang/reflect/InvocationTargetException'{0x00000000e6105880}> (0x00000000e6105880) 
thrown [e:\jenkins\tmp\workspace\build\src\src\hotspot\share\runtime\reflection.cpp, line 1121]
Event: 18.378 Thread 0x0000002b8d5dc270 Implicit null exception at 0x0000002b9cbefb6a to 0x0000002b9cbefd14

VM Operations (20 events):
Event: 8.038 Executing VM operation: HandshakeAllThreads
Event: 8.038 Executing VM operation: HandshakeAllThreads done
Event: 8.809 Executing VM operation: GenCollectForAllocation
Event: 8.816 Executing VM operation: GenCollectForAllocation done
Event: 9.309 Executing VM operation: GenCollectForAllocation
Event: 9.316 Executing VM operation: GenCollectForAllocation done
Event: 10.317 Executing VM operation: Cleanup
Event: 10.317 Executing VM operation: Cleanup done
Event: 16.321 Executing VM operation: Cleanup
Event: 16.321 Executing VM operation: Cleanup done
Event: 16.794 Executing VM operation: HandshakeAllThreads
Event: 16.794 Executing VM operation: HandshakeAllThreads done
Event: 16.795 Executing VM operation: HandshakeAllThreads
Event: 16.795 Executing VM operation: HandshakeAllThreads done
Event: 16.804 Executing VM operation: HandshakeAllThreads
Event: 16.804 Executing VM operation: HandshakeAllThreads done
Event: 17.337 Executing VM operation: GenCollectForAllocation
Event: 17.342 Executing VM operation: GenCollectForAllocation done
Event: 17.722 Executing VM operation: GenCollectForAllocation
Event: 17.800 Executing VM operation: GenCollectForAllocation done

Events (20 events):
Event: 17.590 loading class java/nio/channels/UnsupportedAddressTypeException done
Event: 17.602 loading class java/nio/channels/spi/AbstractSelector$1
Event: 17.602 loading class java/nio/channels/spi/AbstractSelector$1 done
Event: 17.618 loading class java/io/PushbackInputStream
Event: 17.618 loading class java/io/PushbackInputStream done
Event: 17.707 loading class java/nio/charset/IllegalCharsetNameException
Event: 17.708 loading class java/nio/charset/IllegalCharsetNameException done
Event: 17.708 loading class java/nio/charset/UnsupportedCharsetException
Event: 17.709 loading class java/nio/charset/UnsupportedCharsetException done
Event: 17.819 loading class java/util/concurrent/CompletionException
Event: 17.821 loading class java/util/concurrent/CompletionException done
Event: 17.823 loading class sun/misc/SharedSecrets
Event: 17.823 loading class sun/misc/SharedSecrets done
Event: 18.060 Thread 0x0000002ba5dbfb30 Thread exited: 0x0000002ba5dbfb30
Event: 18.060 Thread 0x0000002ba5dc2680 Thread exited: 0x0000002ba5dc2680
Event: 18.062 Thread 0x0000002ba5cb55c0 Thread exited: 0x0000002ba5cb55c0
Event: 18.347 loading class java/util/stream/SortedOps$SizedRefSortingSink
Event: 18.348 loading class java/util/stream/SortedOps$AbstractRefSortingSink
Event: 18.348 loading class java/util/stream/SortedOps$AbstractRefSortingSink done
Event: 18.348 loading class java/util/stream/SortedOps$SizedRefSortingSink done


Dynamic libraries:
0x00007ff6ee220000 - 0x00007ff6ee22e000 	C:\Program Files\Java\jdk-17.0.1.12-hotspot\bin\java.exe
0x00007ffaf63c0000 - 0x00007ffaf656d000 	C:\Windows\SYSTEM32\ntdll.dll
0x00007ffaf3f40000 - 0x00007ffaf407e000 	C:\Windows\system32\KERNEL32.DLL
0x00007ffaf3630000 - 0x00007ffaf3745000 	C:\Windows\system32\KERNELBASE.dll
0x00007ffae70d0000 - 0x00007ffae70e8000 	C:\Program Files\Java\jdk-17.0.1.12-hotspot\bin\jli.dll
0x00007ffae6bb0000 - 0x00007ffae6bc9000 	C:\Program Files\Java\jdk-17.0.1.12-hotspot\bin\VCRUNTIME140.dll
0x00007ffae7180000 - 0x00007ffae7184000 	C:\Program Files\Java\jdk-17.0.1.12-hotspot\bin\api-ms-win-crt-stdio-l1-1-0.dll
0x00007ffae6f10000 - 0x00007ffae6f14000 	C:\Program Files\Java\jdk-17.0.1.12-hotspot\bin\api-ms-win-crt-runtime-l1-1-0.dll
0x00007ffae6ba0000 - 0x00007ffae6ba3000 	C:\Program Files\Java\jdk-17.0.1.12-hotspot\bin\api-ms-win-crt-environment-l1-1-0.dll
0x00007ffae6aa0000 - 0x00007ffae6aa5000 	C:\Program Files\Java\jdk-17.0.1.12-hotspot\bin\api-ms-win-crt-math-l1-1-0.dll
0x00007ffae6a90000 - 0x00007ffae6a93000 	C:\Program Files\Java\jdk-17.0.1.12-hotspot\bin\api-ms-win-crt-locale-l1-1-0.dll
0x00007ffae6a80000 - 0x00007ffae6a83000 	C:\Program Files\Java\jdk-17.0.1.12-hotspot\bin\api-ms-win-crt-heap-l1-1-0.dll
0x00007ffaf1140000 - 0x00007ffaf13ba000 	C:\Windows\WinSxS\amd64_microsoft.windows.common-controls_6595b64144ccf1df_6.0.9600.17810_none_6240b9c7ecbd0bda\COMCTL32.dll
0x00007ffaf61d0000 - 0x00007ffaf6347000 	C:\Windows\system32\USER32.dll
0x00007ffae6360000 - 0x00007ffae6363000 	C:\Program Files\Java\jdk-17.0.1.12-hotspot\bin\api-ms-win-crt-filesystem-l1-1-0.dll
0x00007ffaef1d0000 - 0x00007ffaef1d4000 	C:\Program Files\Java\jdk-17.0.1.12-hotspot\bin\api-ms-win-crt-string-l1-1-0.dll
0x00007ffaef1c0000 - 0x00007ffaef1c4000 	C:\Program Files\Java\jdk-17.0.1.12-hotspot\bin\api-ms-win-crt-convert-l1-1-0.dll
0x00007ffaf47d0000 - 0x00007ffaf487a000 	C:\Windows\system32\msvcrt.dll
0x00007ffaf4280000 - 0x00007ffaf43cb000 	C:\Windows\system32\GDI32.dll
0x00007ffada920000 - 0x00007ffadaa1a000 	C:\Program Files\Java\jdk-17.0.1.12-hotspot\bin\ucrtbase.DLL
0x00007ffaf3ab0000 - 0x00007ffaf3ae6000 	C:\Windows\system32\IMM32.DLL
0x00007ffaf43d0000 - 0x00007ffaf4521000 	C:\Windows\system32\MSCTF.dll
0x00007ffaeb4d0000 - 0x00007ffaeb4dc000 	C:\Program Files\Java\jdk-17.0.1.12-hotspot\bin\vcruntime140_1.dll
0x00007ffae1de0000 - 0x00007ffae1e71000 	C:\Program Files\Java\jdk-17.0.1.12-hotspot\bin\msvcp140.dll
0x00007ffaeb150000 - 0x00007ffaeb153000 	C:\Program Files\Java\jdk-17.0.1.12-hotspot\bin\api-ms-win-crt-time-l1-1-0.dll
0x00007ffaeab80000 - 0x00007ffaeab83000 	C:\Program Files\Java\jdk-17.0.1.12-hotspot\bin\api-ms-win-crt-utility-l1-1-0.dll
0x00007ffad1d80000 - 0x00007ffad29c6000 	C:\Program Files\Java\jdk-17.0.1.12-hotspot\bin\server\jvm.dll
0x00007ffaf5f00000 - 0x00007ffaf5faa000 	C:\Windows\system32\ADVAPI32.dll
0x00007ffaea140000 - 0x00007ffaea149000 	C:\Windows\SYSTEM32\WSOCK32.dll
0x00007ffaf16d0000 - 0x00007ffaf16f2000 	C:\Windows\SYSTEM32\WINMM.dll
0x00007ffaea310000 - 0x00007ffaea31a000 	C:\Windows\SYSTEM32\VERSION.dll
0x00007ffaf3af0000 - 0x00007ffaf3af7000 	C:\Windows\system32\PSAPI.DLL
0x00007ffaf3c00000 - 0x00007ffaf3c59000 	C:\Windows\SYSTEM32\sechost.dll
0x00007ffaf4880000 - 0x00007ffaf49c1000 	C:\Windows\system32\RPCRT4.dll
0x00007ffaf6170000 - 0x00007ffaf61ca000 	C:\Windows\system32\WS2_32.dll
0x00007ffaef5f0000 - 0x00007ffaef61a000 	C:\Windows\SYSTEM32\WINMMBASE.dll
0x00007ffaf5fb0000 - 0x00007ffaf5fb9000 	C:\Windows\system32\NSI.dll
0x00007ffaf35e0000 - 0x00007ffaf362f000 	C:\Windows\SYSTEM32\cfgmgr32.dll
0x00007ffaf22f0000 - 0x00007ffaf2318000 	C:\Windows\SYSTEM32\DEVOBJ.dll
0x00007ffaea130000 - 0x00007ffaea13a000 	C:\Program Files\Java\jdk-17.0.1.12-hotspot\bin\jimage.dll
0x00007ffada340000 - 0x00007ffada4ca000 	C:\Windows\SYSTEM32\DBGHELP.DLL
0x00007ffae7190000 - 0x00007ffae71b5000 	C:\Program Files\Java\jdk-17.0.1.12-hotspot\bin\java.dll
0x00007ffae1990000 - 0x00007ffae1a66000 	C:\Program Files\Java\jdk-17.0.1.12-hotspot\bin\svml.dll
0x00007ffaf49d0000 - 0x00007ffaf5ef9000 	C:\Windows\system32\SHELL32.dll
0x00007ffaf3c60000 - 0x00007ffaf3e72000 	C:\Windows\SYSTEM32\combase.dll
0x00007ffaf6350000 - 0x00007ffaf63a4000 	C:\Windows\system32\SHLWAPI.dll
0x00007ffaf1a70000 - 0x00007ffaf1b22000 	C:\Windows\SYSTEM32\SHCORE.dll
0x00007ffaf3510000 - 0x00007ffaf3525000 	C:\Windows\SYSTEM32\profapi.dll
0x00007ffae9aa0000 - 0x00007ffae9ab9000 	C:\Program Files\Java\jdk-17.0.1.12-hotspot\bin\net.dll
0x00007ffae9e90000 - 0x00007ffae9f59000 	C:\Windows\SYSTEM32\WINHTTP.dll
0x00007ffaf2ce0000 - 0x00007ffaf2d39000 	C:\Windows\system32\mswsock.dll
0x00007ffae9600000 - 0x00007ffae9615000 	C:\Program Files\Java\jdk-17.0.1.12-hotspot\bin\nio.dll
0x00007ffae8340000 - 0x00007ffae8358000 	C:\Program Files\Java\jdk-17.0.1.12-hotspot\bin\zip.dll
0x00007ffaf2d40000 - 0x00007ffaf2d60000 	C:\Windows\SYSTEM32\CRYPTSP.dll
0x00007ffaf29c0000 - 0x00007ffaf29f6000 	C:\Windows\system32\rsaenh.dll
0x00007ffaf2f80000 - 0x00007ffaf2fa6000 	C:\Windows\SYSTEM32\bcrypt.dll
0x00007ffaf2cb0000 - 0x00007ffaf2cd1000 	C:\Windows\SYSTEM32\USERENV.dll
0x00007ffaf3370000 - 0x00007ffaf33d3000 	C:\Windows\system32\bcryptprimitives.dll
0x00007ffaf33e0000 - 0x00007ffaf33eb000 	C:\Windows\SYSTEM32\CRYPTBASE.dll
0x00007ffaee550000 - 0x00007ffaee57a000 	C:\Windows\SYSTEM32\IPHLPAPI.DLL
0x00007ffaee530000 - 0x00007ffaee53a000 	C:\Windows\SYSTEM32\WINNSI.DLL
0x00007ffaedfd0000 - 0x00007ffaedfe6000 	C:\Windows\SYSTEM32\dhcpcsvc6.DLL
0x00007ffaee1c0000 - 0x00007ffaee1da000 	C:\Windows\SYSTEM32\dhcpcsvc.DLL
0x00007ffae40e0000 - 0x00007ffae40f0000 	C:\Program Files\Java\jdk-17.0.1.12-hotspot\bin\verify.dll
0x00007ffaf2a00000 - 0x00007ffaf2aa4000 	C:\Windows\SYSTEM32\DNSAPI.dll
0x00007ffaef6c0000 - 0x00007ffaef6ca000 	C:\Windows\System32\rasadhlp.dll
0x00007ffaee070000 - 0x00007ffaee0db000 	C:\Windows\System32\fwpuclnt.dll
0x00007ffaebbd0000 - 0x00007ffaebbd9000 	C:\Program Files\Java\jdk-17.0.1.12-hotspot\bin\management.dll
0x00007ffaeb990000 - 0x00007ffaeb99b000 	C:\Program Files\Java\jdk-17.0.1.12-hotspot\bin\management_ext.dll
0x00007ffaebb20000 - 0x00007ffaebb2e000 	C:\Program Files\Java\jdk-17.0.1.12-hotspot\bin\sunmscapi.dll
0x00007ffaf3860000 - 0x00007ffaf3a3f000 	C:\Windows\system32\CRYPT32.dll
0x00007ffaf2fc0000 - 0x00007ffaf2fe5000 	C:\Windows\SYSTEM32\ncrypt.dll
0x00007ffaf35c0000 - 0x00007ffaf35d1000 	C:\Windows\system32\MSASN1.dll
0x00007ffaf2f40000 - 0x00007ffaf2f77000 	C:\Windows\SYSTEM32\NTASN1.dll
0x00007ffaf20a0000 - 0x00007ffaf212e000 	C:\Windows\system32\apphelp.dll
0x00007ffae3620000 - 0x00007ffae3635000 	C:\Windows\system32\napinsp.dll
0x00007ffae3640000 - 0x00007ffae365a000 	C:\Windows\system32\pnrpnsp.dll
0x00007ffaeec60000 - 0x00007ffaeec7b000 	C:\Windows\system32\NLAapi.dll
0x00007ffaee740000 - 0x00007ffaee74d000 	C:\Windows\System32\winrnr.dll

dbghelp: loaded successfully - version: 4.0.5 - missing functions: none
symbol engine: initialized successfully - sym options: 0x614 - pdb path: .;C:\Program Files\Java\jdk-17.0.1.12-hotspot\bin;C:\Windows\SYSTEM32;C:\Windows\WinSxS\amd64_microsoft.windows.common-controls_6595b64144ccf1df_6.0.9600.17810_none_6240b9c7ecbd0bda;C:\Program Files\Java\jdk-17.0.1.12-hotspot\bin\server

VM Arguments:
jvm_args: -ea -XX:+ShowCodeDetailsInExceptionMessages -Dfile.encoding=UTF-8 
java_command: com.microsoft.java.test.runner.Launcher 64684 testng testcase.TC001_LoginPage#verifyAlltheElements
java_class_path (initial): d:\JAVA\eclipse\TestNG_POM\target\test-classes;d:\JAVA\eclipse\TestNG_POM\target\classes;c:\Users\Vinith_PC\.m2\repository\org\seleniumhq\selenium\selenium-java\4.0.0-beta-4\selenium-java-4.0.0-beta-4.jar;c:\Users\Vinith_PC\.m2\repository\org\seleniumhq\selenium\selenium-api\4.0.0-beta-4\selenium-api-4.0.0-beta-4.jar;c:\Users\Vinith_PC\.m2\repository\org\seleniumhq\selenium\selenium-chrome-driver\4.0.0-beta-4\selenium-chrome-driver-4.0.0-beta-4.jar;c:\Users\Vinith_PC\.m2\repository\com\google\auto\service\auto-service-annotations\1.0\auto-service-annotations-1.0.jar;c:\Users\Vinith_PC\.m2\repository\com\google\auto\service\auto-service\1.0\auto-service-1.0.jar;c:\Users\Vinith_PC\.m2\repository\com\google\auto\auto-common\1.0\auto-common-1.0.jar;c:\Users\Vinith_PC\.m2\repository\com\google\guava\guava\30.1.1-jre\guava-30.1.1-jre.jar;c:\Users\Vinith_PC\.m2\repository\com\google\guava\failureaccess\1.0.1\failureaccess-1.0.1.jar;c:\Users\Vinith_PC\.m2\repository\com\google\guava\listenablefuture\9999.0-empty-to-avoid-conflict-with-guava\listenablefuture-9999.0-empty-to-avoid-conflict-with-guava.jar;c:\Users\Vinith_PC\.m2\repository\com\google\code\findbugs\jsr305\3.0.2\jsr305-3.0.2.jar;c:\Users\Vinith_PC\.m2\repository\org\checkerframework\checker-qual\3.8.0\checker-qual-3.8.0.jar;c:\Users\Vinith_PC\.m2\repository\com\google\errorprone\error_prone_annotations\2.5.1\error_prone_annotations-2.5.1.jar;c:\Users\Vinith_PC\.m2\repository\com\google\j2objc\j2objc-annotations\1.3\j2objc-annotations-1.3.jar;c:\Users\Vinith_PC\.m2\repository\org\seleniumhq\selenium\selenium-chromium-driver\4.0.0-beta-4\selenium-chromium-driver-4.0.0-beta-4.jar;c:\Users\Vinith_PC\.m2\repository\org\seleniumhq\selenium\selenium-devtools\4.0.0-beta-4\selenium-devtools-4.0.0-beta-4.jar;c:\Users\Vinith_PC\.m2\repository\org\seleniumhq\selenium\selenium-http\4.0.0-beta-4\selenium-http-4.0.0-beta-4.jar;c:\Users\Vinith_PC\.m2\repository\org\seleniumhq\selenium\selenium-json\4
Launcher Type: SUN_STANDARD

[Global flags]
     intx CICompilerCount                          = 2                                         {product} {ergonomic}
   size_t InitialHeapSize                          = 27262976                                  {product} {ergonomic}
   size_t MaxHeapSize                              = 436207616                                 {product} {ergonomic}
   size_t MaxNewSize                               = 145358848                                 {product} {ergonomic}
   size_t MinHeapDeltaBytes                        = 196608                                    {product} {ergonomic}
   size_t MinHeapSize                              = 8388608                                   {product} {ergonomic}
   size_t NewSize                                  = 9043968                                   {product} {ergonomic}
    uintx NonNMethodCodeHeapSize                   = 5826188                                {pd product} {ergonomic}
    uintx NonProfiledCodeHeapSize                  = 122916026                              {pd product} {ergonomic}
   size_t OldSize                                  = 18219008                                  {product} {ergonomic}
    uintx ProfiledCodeHeapSize                     = 122916026                              {pd product} {ergonomic}
    uintx ReservedCodeCacheSize                    = 251658240                              {pd product} {ergonomic}
     bool SegmentedCodeCache                       = true                                      {product} {ergonomic}
     bool ShowCodeDetailsInExceptionMessages       = true                                   {manageable} {command line}
   size_t SoftMaxHeapSize                          = 436207616                              {manageable} {ergonomic}
     bool UseCompressedClassPointers               = true                           {product lp64_product} {ergonomic}
     bool UseCompressedOops                        = true                           {product lp64_product} {ergonomic}
     bool UseLargePagesIndividualAllocation        = false                                  {pd product} {ergonomic}
     bool UseSerialGC                              = true                                      {product} {ergonomic}

Logging:
Log output configuration:
 #0: stdout all=warning uptime,level,tags
 #1: stderr all=off uptime,level,tags

Environment Variables:
PATH=C:\Windows\system32;C:\Windows;C:\Windows\System32\Wbem;C:\Windows\System32\WindowsPowerShell\v1.0\;;C:\Users\Vinith_PC\AppData\Local\Programs\Microsoft VS Code\bin
USERNAME=Vinith_PC
OS=Windows_NT
PROCESSOR_IDENTIFIER=Intel64 Family 6 Model 58 Stepping 9, GenuineIntel



---------------  S Y S T E M  ---------------

OS:
 Windows 8.1 , 64 bit Build 9600 (6.3.9600.17415)
OS uptime: 10 days 0:08 hours

CPU: total 2 (initial active 2) (2 cores per cpu, 1 threads per core) family 6 model 58 stepping 9 microcode 0x1b, cx8, cmov, fxsr, mmx, sse, sse2, sse3, ssse3, sse4.1, sse4.2, popcnt, tsc, tscinvbit, erms, clmul, clflush

Memory: 4k page, system-wide physical 1662M (95M free)
TotalPageFile size 6782M (AvailPageFile size 14M)
current process WorkingSet (physical memory assigned to process): 109M, peak: 110M
current process commit charge ("private bytes"): 111M, peak: 370M

vm_info: OpenJDK 64-Bit Server VM (17.0.1+12) for windows-amd64 JRE (17.0.1+12), built on Oct 20 2021 07:42:55 by "" with MS VC++ 16.7 (VS2019)

END.
