#
# There is insufficient memory for the Java Runtime Environment to continue.
# Native memory allocation (malloc) failed to allocate 37616 bytes for Chunk::new
# Possible reasons:
#   The system is out of physical RAM or swap space
#   The process is running with CompressedOops enabled, and the Java Heap may be blocking the growth of the native heap
# Possible solutions:
#   Reduce memory load on the system
#   Increase physical memory or swap space
#   Check if swap backing store is full
#   Decrease Java heap size (-Xmx/-Xms)
#   Decrease number of Java threads
#   Decrease Java thread stack sizes (-Xss)
#   Set larger code cache with -XX:ReservedCodeCacheSize=
#   JVM is running with Unscaled Compressed Oops mode in which the Java heap is
#     placed in the first 4GB address space. The Java Heap base address is the
#     maximum limit for the native heap growth. Please use -XX:HeapBaseMinAddress
#     to set the Java Heap base and to place the Java Heap above 4GB virtual address.
# This output file may be truncated or incomplete.
#
#  Out of Memory Error (allocation.cpp:389), pid=9928, tid=0x000000000000235c
#
# JRE version: Java(TM) SE Runtime Environment (8.0_291-b10) (build 1.8.0_291-b10)
# Java VM: Java HotSpot(TM) 64-Bit Server VM (25.291-b10 mixed mode windows-amd64 compressed oops)
# Failed to write core dump. Minidumps are not enabled by default on client versions of Windows
#

---------------  T H R E A D  ---------------

Current thread (0x000001c23ff5c000):  JavaThread "C2 CompilerThread0" daemon [_thread_in_native, id=9052, stack(0x0000008a1e600000,0x0000008a1e700000)]

Stack: [0x0000008a1e600000,0x0000008a1e700000]
Native frames: (J=compiled Java code, j=interpreted, Vv=VM code, C=native code)
V  [jvm.dll+0x32ea19]
V  [jvm.dll+0x275462]
V  [jvm.dll+0x27610d]
V  [jvm.dll+0x26cb45]
V  [jvm.dll+0xd524c]
V  [jvm.dll+0xd5a4c]
V  [jvm.dll+0x452872]
V  [jvm.dll+0x48dcdd]
V  [jvm.dll+0x442199]
V  [jvm.dll+0x43fae4]
V  [jvm.dll+0x42aa57]
V  [jvm.dll+0xabeeb]
V  [jvm.dll+0xaa54b]
V  [jvm.dll+0x23db02]
V  [jvm.dll+0x29210c]
C  [ucrtbase.dll+0x21bb2]
C  [KERNEL32.DLL+0x17034]
C  [ntdll.dll+0x52651]


Current CompileTask:
C2:   7029 1646       4       java.util.regex.Pattern$Slice::match (79 bytes)


---------------  P R O C E S S  ---------------

Java Threads: ( => current thread )
  0x000001c240b97800 JavaThread "AsyncHttpClient-1-1" daemon [_thread_blocked, id=12148, stack(0x0000008a1ed00000,0x0000008a1ee00000)]
  0x000001c240b30800 JavaThread "ReaderThread" [_thread_in_native, id=3844, stack(0x0000008a1eb00000,0x0000008a1ec00000)]
  0x000001c23ffb4000 JavaThread "Service Thread" daemon [_thread_blocked, id=8080, stack(0x0000008a1e800000,0x0000008a1e900000)]
  0x000001c23ff60800 JavaThread "C1 CompilerThread1" daemon [_thread_blocked, id=9060, stack(0x0000008a1e700000,0x0000008a1e800000)]
=>0x000001c23ff5c000 JavaThread "C2 CompilerThread0" daemon [_thread_in_native, id=9052, stack(0x0000008a1e600000,0x0000008a1e700000)]
  0x000001c23ff56000 JavaThread "Attach Listener" daemon [_thread_blocked, id=10416, stack(0x0000008a1e500000,0x0000008a1e600000)]
  0x000001c23ff55000 JavaThread "Signal Dispatcher" daemon [_thread_blocked, id=4928, stack(0x0000008a1e400000,0x0000008a1e500000)]
  0x000001c23ff37800 JavaThread "Finalizer" daemon [_thread_blocked, id=1044, stack(0x0000008a1e300000,0x0000008a1e400000)]
  0x000001c23ff0d800 JavaThread "Reference Handler" daemon [_thread_blocked, id=8324, stack(0x0000008a1e200000,0x0000008a1e300000)]
  0x000001c22e845800 JavaThread "main" [_thread_in_native, id=3200, stack(0x0000008a1e000000,0x0000008a1e100000)]

Other Threads:
  0x000001c23ff03000 VMThread [stack: 0x0000008a1e100000,0x0000008a1e200000] [id=7460]
  0x000001c240002000 WatcherThread [stack: 0x0000008a1e900000,0x0000008a1ea00000] [id=9816]

VM state:not at safepoint (normal execution)

VM Mutex/Monitor currently owned by a thread: None

OutOfMemory and StackOverflow Exception counts:
OutOfMemoryError java_heap_errors=5

heap address: 0x00000000e6000000, size: 416 MB, Compressed Oops mode: 32-bit
Narrow klass base: 0x0000000000000000, Narrow klass shift: 3
Compressed class space size: 1073741824 Address: 0x0000000100000000

Heap:
 def new generation   total 8000K, used 7298K [0x00000000e6000000, 0x00000000e68a0000, 0x00000000eeaa0000)
  eden space 7168K,  90% used [0x00000000e6000000, 0x00000000e6650aa0, 0x00000000e6700000)
  from space 832K,  99% used [0x00000000e67d0000, 0x00000000e689fff8, 0x00000000e68a0000)
  to   space 832K,   0% used [0x00000000e6700000, 0x00000000e6700000, 0x00000000e67d0000)
 tenured generation   total 17792K, used 7293K [0x00000000eeaa0000, 0x00000000efc00000, 0x0000000100000000)
   the space 17792K,  40% used [0x00000000eeaa0000, 0x00000000ef1bf570, 0x00000000ef1bf600, 0x00000000efc00000)
 Metaspace       used 16573K, capacity 17078K, committed 17408K, reserved 1064960K
  class space    used 2035K, capacity 2189K, committed 2304K, reserved 1048576K

Card table byte_map: [0x000001c23f4a0000,0x000001c23f580000] byte_map_base: 0x000001c23ed70000

Polling page: 0x000001c2300b0000

CodeCache: size=245760Kb used=5538Kb max_used=5538Kb free=240221Kb
 bounds [0x000001c2300e0000, 0x000001c230650000, 0x000001c23f0e0000]
 total_blobs=2083 nmethods=1674 adapters=322
 compilation: enabled

Compilation events (10 events):
Event: 6.523 Thread 0x000001c23ff60800 1643       3       sun.security.provider.ByteArrayAccess::i2bBig (204 bytes)
Event: 6.524 Thread 0x000001c23ff60800 nmethod 1643 0x000001c230630190 code [0x000001c230630320, 0x000001c2306307b0]
Event: 6.654 Thread 0x000001c23ff5c000 1644       4       java.util.AbstractSet::<init> (5 bytes)
Event: 6.654 Thread 0x000001c23ff5c000 nmethod 1644 0x000001c230639490 code [0x000001c2306395c0, 0x000001c230639618]
Event: 6.764 Thread 0x000001c23ff60800 1645       3       java.lang.StringBuilder::append (8 bytes)
Event: 6.764 Thread 0x000001c23ff60800 nmethod 1645 0x000001c23063a810 code [0x000001c23063a980, 0x000001c23063ab10]
Event: 6.766 Thread 0x000001c23ff5c000 1646       4       java.util.regex.Pattern$Slice::match (79 bytes)
Event: 6.766 Thread 0x000001c23ff60800 1647   !   3       java.util.regex.Pattern::<init> (98 bytes)
Event: 6.768 Thread 0x000001c23ff60800 nmethod 1647 0x000001c230639690 code [0x000001c230639880, 0x000001c23063a290]
Event: 6.768 Thread 0x000001c23ff60800 1648       3       java.lang.Class::searchMethods (90 bytes)

GC Heap History (10 events):
Event: 4.697 GC heap before
{Heap before GC invocations=2 (full 0):
 def new generation   total 8000K, used 7999K [0x00000000e6000000, 0x00000000e68a0000, 0x00000000eeaa0000)
  eden space 7168K, 100% used [0x00000000e6000000, 0x00000000e6700000, 0x00000000e6700000)
  from space 832K,  99% used [0x00000000e6700000, 0x00000000e67cfff8, 0x00000000e67d0000)
  to   space 832K,   0% used [0x00000000e67d0000, 0x00000000e67d0000, 0x00000000e68a0000)
 tenured generation   total 17792K, used 2675K [0x00000000eeaa0000, 0x00000000efc00000, 0x0000000100000000)
   the space 17792K,  15% used [0x00000000eeaa0000, 0x00000000eed3cfb8, 0x00000000eed3d000, 0x00000000efc00000)
 Metaspace       used 10976K, capacity 11390K, committed 11520K, reserved 1058816K
  class space    used 1331K, capacity 1457K, committed 1536K, reserved 1048576K
Event: 4.704 GC heap after
Heap after GC invocations=3 (full 0):
 def new generation   total 8000K, used 831K [0x00000000e6000000, 0x00000000e68a0000, 0x00000000eeaa0000)
  eden space 7168K,   0% used [0x00000000e6000000, 0x00000000e6000000, 0x00000000e6700000)
  from space 832K,  99% used [0x00000000e67d0000, 0x00000000e689fff0, 0x00000000e68a0000)
  to   space 832K,   0% used [0x00000000e6700000, 0x00000000e6700000, 0x00000000e67d0000)
 tenured generation   total 17792K, used 3760K [0x00000000eeaa0000, 0x00000000efc00000, 0x0000000100000000)
   the space 17792K,  21% used [0x00000000eeaa0000, 0x00000000eee4c290, 0x00000000eee4c400, 0x00000000efc00000)
 Metaspace       used 10976K, capacity 11390K, committed 11520K, reserved 1058816K
  class space    used 1331K, capacity 1457K, committed 1536K, reserved 1048576K
}
Event: 5.070 GC heap before
{Heap before GC invocations=3 (full 0):
 def new generation   total 8000K, used 7999K [0x00000000e6000000, 0x00000000e68a0000, 0x00000000eeaa0000)
  eden space 7168K, 100% used [0x00000000e6000000, 0x00000000e6700000, 0x00000000e6700000)
  from space 832K,  99% used [0x00000000e67d0000, 0x00000000e689fff0, 0x00000000e68a0000)
  to   space 832K,   0% used [0x00000000e6700000, 0x00000000e6700000, 0x00000000e67d0000)
 tenured generation   total 17792K, used 3760K [0x00000000eeaa0000, 0x00000000efc00000, 0x0000000100000000)
   the space 17792K,  21% used [0x00000000eeaa0000, 0x00000000eee4c290, 0x00000000eee4c400, 0x00000000efc00000)
 Metaspace       used 12175K, capacity 12596K, committed 12928K, reserved 1060864K
  class space    used 1498K, capacity 1622K, committed 1664K, reserved 1048576K
Event: 5.076 GC heap after
Heap after GC invocations=4 (full 0):
 def new generation   total 8000K, used 832K [0x00000000e6000000, 0x00000000e68a0000, 0x00000000eeaa0000)
  eden space 7168K,   0% used [0x00000000e6000000, 0x00000000e6000000, 0x00000000e6700000)
  from space 832K, 100% used [0x00000000e6700000, 0x00000000e67d0000, 0x00000000e67d0000)
  to   space 832K,   0% used [0x00000000e67d0000, 0x00000000e67d0000, 0x00000000e68a0000)
 tenured generation   total 17792K, used 4613K [0x00000000eeaa0000, 0x00000000efc00000, 0x0000000100000000)
   the space 17792K,  25% used [0x00000000eeaa0000, 0x00000000eef216e8, 0x00000000eef21800, 0x00000000efc00000)
 Metaspace       used 12175K, capacity 12596K, committed 12928K, reserved 1060864K
  class space    used 1498K, capacity 1622K, committed 1664K, reserved 1048576K
}
Event: 5.354 GC heap before
{Heap before GC invocations=4 (full 0):
 def new generation   total 8000K, used 8000K [0x00000000e6000000, 0x00000000e68a0000, 0x00000000eeaa0000)
  eden space 7168K, 100% used [0x00000000e6000000, 0x00000000e6700000, 0x00000000e6700000)
  from space 832K, 100% used [0x00000000e6700000, 0x00000000e67d0000, 0x00000000e67d0000)
  to   space 832K,   0% used [0x00000000e67d0000, 0x00000000e67d0000, 0x00000000e68a0000)
 tenured generation   total 17792K, used 4613K [0x00000000eeaa0000, 0x00000000efc00000, 0x0000000100000000)
   the space 17792K,  25% used [0x00000000eeaa0000, 0x00000000eef216e8, 0x00000000eef21800, 0x00000000efc00000)
 Metaspace       used 13764K, capacity 14228K, committed 14464K, reserved 1062912K
  class space    used 1701K, capacity 1846K, committed 1920K, reserved 1048576K
Event: 5.360 GC heap after
Heap after GC invocations=5 (full 0):
 def new generation   total 8000K, used 831K [0x00000000e6000000, 0x00000000e68a0000, 0x00000000eeaa0000)
  eden space 7168K,   0% used [0x00000000e6000000, 0x00000000e6000000, 0x00000000e6700000)
  from space 832K,  99% used [0x00000000e67d0000, 0x00000000e689fff0, 0x00000000e68a0000)
  to   space 832K,   0% used [0x00000000e6700000, 0x00000000e6700000, 0x00000000e67d0000)
 tenured generation   total 17792K, used 5219K [0x00000000eeaa0000, 0x00000000efc00000, 0x0000000100000000)
   the space 17792K,  29% used [0x00000000eeaa0000, 0x00000000eefb8ce8, 0x00000000eefb8e00, 0x00000000efc00000)
 Metaspace       used 13764K, capacity 14228K, committed 14464K, reserved 1062912K
  class space    used 1701K, capacity 1846K, committed 1920K, reserved 1048576K
}
Event: 6.175 GC heap before
{Heap before GC invocations=5 (full 0):
 def new generation   total 8000K, used 7999K [0x00000000e6000000, 0x00000000e68a0000, 0x00000000eeaa0000)
  eden space 7168K, 100% used [0x00000000e6000000, 0x00000000e6700000, 0x00000000e6700000)
  from space 832K,  99% used [0x00000000e67d0000, 0x00000000e689fff0, 0x00000000e68a0000)
  to   space 832K,   0% used [0x00000000e6700000, 0x00000000e6700000, 0x00000000e67d0000)
 tenured generation   total 17792K, used 5219K [0x00000000eeaa0000, 0x00000000efc00000, 0x0000000100000000)
   the space 17792K,  29% used [0x00000000eeaa0000, 0x00000000eefb8ce8, 0x00000000eefb8e00, 0x00000000efc00000)
 Metaspace       used 14630K, capacity 15174K, committed 15360K, reserved 1062912K
  class space    used 1793K, capacity 1947K, committed 2048K, reserved 1048576K
Event: 6.183 GC heap after
Heap after GC invocations=6 (full 0):
 def new generation   total 8000K, used 832K [0x00000000e6000000, 0x00000000e68a0000, 0x00000000eeaa0000)
  eden space 7168K,   0% used [0x00000000e6000000, 0x00000000e6000000, 0x00000000e6700000)
  from space 832K, 100% used [0x00000000e6700000, 0x00000000e67d0000, 0x00000000e67d0000)
  to   space 832K,   0% used [0x00000000e67d0000, 0x00000000e67d0000, 0x00000000e68a0000)
 tenured generation   total 17792K, used 6285K [0x00000000eeaa0000, 0x00000000efc00000, 0x0000000100000000)
   the space 17792K,  35% used [0x00000000eeaa0000, 0x00000000ef0c36a8, 0x00000000ef0c3800, 0x00000000efc00000)
 Metaspace       used 14630K, capacity 15174K, committed 15360K, reserved 1062912K
  class space    used 1793K, capacity 1947K, committed 2048K, reserved 1048576K
}
Event: 6.507 GC heap before
{Heap before GC invocations=6 (full 0):
 def new generation   total 8000K, used 8000K [0x00000000e6000000, 0x00000000e68a0000, 0x00000000eeaa0000)
  eden space 7168K, 100% used [0x00000000e6000000, 0x00000000e6700000, 0x00000000e6700000)
  from space 832K, 100% used [0x00000000e6700000, 0x00000000e67d0000, 0x00000000e67d0000)
  to   space 832K,   0% used [0x00000000e67d0000, 0x00000000e67d0000, 0x00000000e68a0000)
 tenured generation   total 17792K, used 6285K [0x00000000eeaa0000, 0x00000000efc00000, 0x0000000100000000)
   the space 17792K,  35% used [0x00000000eeaa0000, 0x00000000ef0c36a8, 0x00000000ef0c3800, 0x00000000efc00000)
 Metaspace       used 15200K, capacity 15732K, committed 15872K, reserved 1062912K
  class space    used 1854K, capacity 2022K, committed 2048K, reserved 1048576K
Event: 6.514 GC heap after
Heap after GC invocations=7 (full 0):
 def new generation   total 8000K, used 831K [0x00000000e6000000, 0x00000000e68a0000, 0x00000000eeaa0000)
  eden space 7168K,   0% used [0x00000000e6000000, 0x00000000e6000000, 0x00000000e6700000)
  from space 832K,  99% used [0x00000000e67d0000, 0x00000000e689fff8, 0x00000000e68a0000)
  to   space 832K,   0% used [0x00000000e6700000, 0x00000000e6700000, 0x00000000e67d0000)
 tenured generation   total 17792K, used 7293K [0x00000000eeaa0000, 0x00000000efc00000, 0x0000000100000000)
   the space 17792K,  40% used [0x00000000eeaa0000, 0x00000000ef1bf570, 0x00000000ef1bf600, 0x00000000efc00000)
 Metaspace       used 15200K, capacity 15732K, committed 15872K, reserved 1062912K
  class space    used 1854K, capacity 2022K, committed 2048K, reserved 1048576K
}

Deoptimization events (8 events):
Event: 1.851 Thread 0x000001c22e845800 Uncommon trap: reason=unstable_if action=reinterpret pc=0x000001c2301ec5e0 method=java.lang.String.hashCode()I @ 14
Event: 2.202 Thread 0x000001c22e845800 Uncommon trap: reason=unstable_if action=reinterpret pc=0x000001c23022a1c8 method=java.lang.String.startsWith(Ljava/lang/String;I)Z @ 25
Event: 3.167 Thread 0x000001c22e845800 Uncommon trap: reason=unstable_if action=reinterpret pc=0x000001c23029be28 method=java.lang.String.indexOf([CII[CIII)I @ 3
Event: 3.651 Thread 0x000001c22e845800 Uncommon trap: reason=unstable_if action=reinterpret pc=0x000001c2303318f8 method=java.io.WinNTFileSystem.normalize(Ljava/lang/String;)Ljava/lang/String; @ 128
Event: 4.584 Thread 0x000001c22e845800 Uncommon trap: reason=unstable_if action=reinterpret pc=0x000001c2304331b0 method=java.util.HashMap.putVal(ILjava/lang/Object;Ljava/lang/Object;ZZ)Ljava/lang/Object; @ 236
Event: 4.602 Thread 0x000001c22e845800 Uncommon trap: reason=range_check action=make_not_entrant pc=0x000001c2303f5860 method=sun.reflect.generics.parser.SignatureParser.current()C @ 34
Event: 5.516 Thread 0x000001c22e845800 Uncommon trap: reason=unstable_if action=reinterpret pc=0x000001c230471ee0 method=java.util.LinkedHashMap.get(Ljava/lang/Object;)Ljava/lang/Object; @ 20
Event: 6.761 Thread 0x000001c22e845800 Uncommon trap: reason=unstable_if action=reinterpret pc=0x000001c230361008 method=java.lang.AbstractStringBuilder.append(Ljava/lang/String;)Ljava/lang/AbstractStringBuilder; @ 1

Classes redefined (0 events):
No events

Internal exceptions (10 events):
Event: 5.020 Thread 0x000001c22e845800 Exception <a 'java/lang/NoClassDefFoundError': org/apache/logging/log4j/spi/ExtendedLoggerWrapper> (0x00000000e6620328) thrown at [C:\jenkins\workspace\8-2-build-windows-amd64-cygwin\jdk8u291\1294\hotspot\src\share\vm\classfile\systemDictionary.cpp, line 
Event: 5.020 Thread 0x000001c22e845800 Exception <a 'java/lang/NoClassDefFoundError'> (0x00000000e6620328) thrown at [C:\jenkins\workspace\8-2-build-windows-amd64-cygwin\jdk8u291\1294\hotspot\src\share\vm\prims\jvm.cpp, line 1527]
Event: 5.024 Thread 0x000001c22e845800 Exception <a 'java/lang/NoClassDefFoundError': org/apache/log4j/Priority> (0x00000000e663aed0) thrown at [C:\jenkins\workspace\8-2-build-windows-amd64-cygwin\jdk8u291\1294\hotspot\src\share\vm\classfile\systemDictionary.cpp, line 201]
Event: 6.761 Thread 0x000001c22e845800 Exception <a 'java/lang/OutOfMemoryError'> (0x00000000e63a92a0) thrown at [C:\jenkins\workspace\8-2-build-windows-amd64-cygwin\jdk8u291\1294\hotspot\src\share\vm\prims\jni.cpp, line 737]
Event: 6.761 Thread 0x000001c22e845800 Exception <a 'java/lang/OutOfMemoryError'> (0x00000000e63a92a0) thrown at [C:\jenkins\workspace\8-2-build-windows-amd64-cygwin\jdk8u291\1294\hotspot\src\share\vm\prims\jvm.cpp, line 1527]
Event: 6.761 Thread 0x000001c22e845800 Exception <a 'java/lang/OutOfMemoryError'> (0x00000000e63a92a0) thrown at [C:\jenkins\workspace\8-2-build-windows-amd64-cygwin\jdk8u291\1294\hotspot\src\share\vm\prims\jvm.cpp, line 1527]
Event: 6.761 Thread 0x000001c22e845800 Exception <a 'java/lang/OutOfMemoryError'> (0x00000000e63a92a0) thrown at [C:\jenkins\workspace\8-2-build-windows-amd64-cygwin\jdk8u291\1294\hotspot\src\share\vm\prims\jvm.cpp, line 1527]
Event: 6.761 Thread 0x000001c22e845800 Exception <a 'java/lang/OutOfMemoryError'> (0x00000000e63a92a0) thrown at [C:\jenkins\workspace\8-2-build-windows-amd64-cygwin\jdk8u291\1294\hotspot\src\share\vm\oops\instanceKlass.cpp, line 959]
Event: 6.761 Thread 0x000001c22e845800 Exception <a 'java/lang/reflect/InvocationTargetException'> (0x00000000e63a98d8) thrown at [C:\jenkins\workspace\8-2-build-windows-amd64-cygwin\jdk8u291\1294\hotspot\src\share\vm\runtime\reflection.cpp, line 1092]
Event: 6.761 Thread 0x000001c22e845800 Implicit null exception at 0x000001c230360c56 to 0x000001c230360ff1

Events (10 events):
Event: 6.761 Thread 0x000001c22e845800 DEOPT PACKING pc=0x000001c230361008 sp=0x0000008a1e0feca0
Event: 6.761 Thread 0x000001c22e845800 DEOPT UNPACKING pc=0x000001c230125843 sp=0x0000008a1e0fec30 mode 2
Event: 6.761 loading class org/testng/remote/strprotocol/TestResultMessage
Event: 6.761 loading class org/testng/remote/strprotocol/TestResultMessage done
Event: 6.763 loading class java/lang/Throwable$WrappedPrintWriter
Event: 6.763 loading class java/lang/Throwable$PrintStreamOrWriter
Event: 6.763 loading class java/lang/Throwable$PrintStreamOrWriter done
Event: 6.763 loading class java/lang/Throwable$WrappedPrintWriter done
Event: 6.765 loading class org/testng/remote/strprotocol/MessageHelper
Event: 6.765 loading class org/testng/remote/strprotocol/MessageHelper done


Dynamic libraries:
0x00007ff7f6e10000 - 0x00007ff7f6e57000 	C:\Program Files\Java\jre1.8.0_291\bin\javaw.exe
0x00007ff8302b0000 - 0x00007ff8304a5000 	C:\Windows\SYSTEM32\ntdll.dll
0x00007ff82f980000 - 0x00007ff82fa3d000 	C:\Windows\System32\KERNEL32.DLL
0x00007ff82db30000 - 0x00007ff82ddf9000 	C:\Windows\System32\KERNELBASE.dll
0x00007ff82fe70000 - 0x00007ff82ff1c000 	C:\Windows\System32\ADVAPI32.dll
0x00007ff82fbd0000 - 0x00007ff82fc6e000 	C:\Windows\System32\msvcrt.dll
0x00007ff8301c0000 - 0x00007ff83025b000 	C:\Windows\System32\sechost.dll
0x00007ff82e320000 - 0x00007ff82e44a000 	C:\Windows\System32\RPCRT4.dll
0x00007ff82e8f0000 - 0x00007ff82ea90000 	C:\Windows\System32\USER32.dll
0x00007ff82e1f0000 - 0x00007ff82e212000 	C:\Windows\System32\win32u.dll
0x00007ff82fc70000 - 0x00007ff82fc9a000 	C:\Windows\System32\GDI32.dll
0x00007ff82da20000 - 0x00007ff82db2b000 	C:\Windows\System32\gdi32full.dll
0x00007ff82e150000 - 0x00007ff82e1ed000 	C:\Windows\System32\msvcp_win.dll
0x00007ff82e220000 - 0x00007ff82e320000 	C:\Windows\System32\ucrtbase.dll
0x00007ff81dc10000 - 0x00007ff81deaa000 	C:\Windows\WinSxS\amd64_microsoft.windows.common-controls_6595b64144ccf1df_6.0.19041.1110_none_60b5254171f9507e\COMCTL32.dll
0x00007ff830190000 - 0x00007ff8301c0000 	C:\Windows\System32\IMM32.DLL
0x00007ff824b00000 - 0x00007ff824b15000 	C:\Program Files\Java\jre1.8.0_291\bin\vcruntime140.dll
0x00007ff81ae40000 - 0x00007ff81aedb000 	C:\Program Files\Java\jre1.8.0_291\bin\msvcp140.dll
0x0000000050390000 - 0x0000000050bf0000 	C:\Program Files\Java\jre1.8.0_291\bin\server\jvm.dll
0x00007ff830260000 - 0x00007ff830268000 	C:\Windows\System32\PSAPI.DLL
0x00007ff82aa30000 - 0x00007ff82aa39000 	C:\Windows\SYSTEM32\WSOCK32.dll
0x00007ff822000000 - 0x00007ff82200a000 	C:\Windows\SYSTEM32\VERSION.dll
0x00007ff823af0000 - 0x00007ff823b17000 	C:\Windows\SYSTEM32\WINMM.dll
0x00007ff82fa40000 - 0x00007ff82faab000 	C:\Windows\System32\WS2_32.dll
0x00007ff82b920000 - 0x00007ff82b932000 	C:\Windows\SYSTEM32\kernel.appcore.dll
0x00007ff827500000 - 0x00007ff827510000 	C:\Program Files\Java\jre1.8.0_291\bin\verify.dll
0x00007ff81f360000 - 0x00007ff81f38b000 	C:\Program Files\Java\jre1.8.0_291\bin\java.dll
0x00007ff81d250000 - 0x00007ff81d268000 	C:\Program Files\Java\jre1.8.0_291\bin\zip.dll
0x00007ff82f240000 - 0x00007ff82f97f000 	C:\Windows\System32\SHELL32.dll
0x00007ff82bb20000 - 0x00007ff82c2b1000 	C:\Windows\SYSTEM32\windows.storage.dll
0x00007ff82e590000 - 0x00007ff82e8e5000 	C:\Windows\System32\combase.dll
0x00007ff82d460000 - 0x00007ff82d48c000 	C:\Windows\SYSTEM32\Wldp.dll
0x00007ff82fd30000 - 0x00007ff82fdde000 	C:\Windows\System32\SHCORE.dll
0x00007ff82e450000 - 0x00007ff82e4a5000 	C:\Windows\System32\shlwapi.dll
0x00007ff82d930000 - 0x00007ff82d94f000 	C:\Windows\SYSTEM32\profapi.dll
0x00007ff81af00000 - 0x00007ff81af1c000 	C:\Program Files\Java\jre1.8.0_291\bin\net.dll
0x00007ff82d1c0000 - 0x00007ff82d22a000 	C:\Windows\system32\mswsock.dll
0x00007ff82cea0000 - 0x00007ff82cf6c000 	C:\Windows\SYSTEM32\DNSAPI.dll
0x00007ff82ce60000 - 0x00007ff82ce9b000 	C:\Windows\SYSTEM32\IPHLPAPI.DLL
0x00007ff82fd20000 - 0x00007ff82fd28000 	C:\Windows\System32\NSI.dll
0x00007ff826050000 - 0x00007ff82605a000 	C:\Windows\System32\rasadhlp.dll
0x00007ff826940000 - 0x00007ff8269bf000 	C:\Windows\System32\fwpuclnt.dll
0x00007ff82d9f0000 - 0x00007ff82da17000 	C:\Windows\System32\bcrypt.dll
0x00007ff82d3a0000 - 0x00007ff82d3b8000 	C:\Windows\SYSTEM32\CRYPTSP.dll
0x00007ff82caf0000 - 0x00007ff82cb24000 	C:\Windows\system32\rsaenh.dll
0x00007ff82d8b0000 - 0x00007ff82d8de000 	C:\Windows\SYSTEM32\USERENV.dll
0x00007ff82de00000 - 0x00007ff82de83000 	C:\Windows\System32\bcryptprimitives.dll
0x00007ff82d3c0000 - 0x00007ff82d3cc000 	C:\Windows\SYSTEM32\CRYPTBASE.dll
0x00007ff827510000 - 0x00007ff827527000 	C:\Windows\SYSTEM32\dhcpcsvc6.DLL
0x00007ff827e10000 - 0x00007ff827e2d000 	C:\Windows\SYSTEM32\dhcpcsvc.DLL
0x00007ff81aee0000 - 0x00007ff81aef3000 	C:\Program Files\Java\jre1.8.0_291\bin\nio.dll
0x00007ff824350000 - 0x00007ff824374000 	C:\Program Files\Java\jre1.8.0_291\bin\sunec.dll
0x00007ff8287a0000 - 0x00007ff828984000 	C:\Windows\SYSTEM32\dbghelp.dll

VM Arguments:
jvm_args: -ea -Dfile.encoding=Cp1252 
java_command: org.testng.remote.RemoteTestNG -serport 51900 -protocol json -d D:\JAVA\eclipse\TestNG_POM\test-output D:\JAVA\eclipse\TestNG_POM\UIBank.xml
java_class_path (initial): C:\Users\Vinith\eclipse\java-2020-062\eclipse\configuration\org.eclipse.osgi\703\0\.cp\lib\testng-remote.jar;D:\JAVA\eclipse\TestNG_POM\target\test-classes;D:\JAVA\eclipse\TestNG_POM\target\classes;C:\Users\Vinith\.p2\pool\plugins\org.testng_7.4.0.r202105021533.jar;C:\Users\Vinith\.p2\pool\plugins\com.beust.jcommander_1.78.0.jar;C:\Users\Vinith\.p2\pool\plugins\org.apache-extras.beanshell.bsh_2.0.0.b6.jar;C:\Users\Vinith\.p2\pool\plugins\org.yaml.snakeyaml_1.21.0.jar;C:\Users\Vinith\.p2\pool\plugins\org.webjars.jquery_3.5.1.jar;C:\Users\Vinith\.m2\repository\org\seleniumhq\selenium\selenium-java\4.0.0-beta-4\selenium-java-4.0.0-beta-4.jar;C:\Users\Vinith\.m2\repository\org\seleniumhq\selenium\selenium-api\4.0.0-beta-4\selenium-api-4.0.0-beta-4.jar;C:\Users\Vinith\.m2\repository\org\seleniumhq\selenium\selenium-chrome-driver\4.0.0-beta-4\selenium-chrome-driver-4.0.0-beta-4.jar;C:\Users\Vinith\.m2\repository\com\google\auto\service\auto-service-annotations\1.0\auto-service-annotations-1.0.jar;C:\Users\Vinith\.m2\repository\com\google\auto\service\auto-service\1.0\auto-service-1.0.jar;C:\Users\Vinith\.m2\repository\com\google\auto\auto-common\1.0\auto-common-1.0.jar;C:\Users\Vinith\.m2\repository\com\google\guava\guava\30.1.1-jre\guava-30.1.1-jre.jar;C:\Users\Vinith\.m2\repository\com\google\guava\failureaccess\1.0.1\failureaccess-1.0.1.jar;C:\Users\Vinith\.m2\repository\com\google\guava\listenablefuture\9999.0-empty-to-avoid-conflict-with-guava\listenablefuture-9999.0-empty-to-avoid-conflict-with-guava.jar;C:\Users\Vinith\.m2\repository\com\google\code\findbugs\jsr305\3.0.2\jsr305-3.0.2.jar;C:\Users\Vinith\.m2\repository\org\checkerframework\checker-qual\3.8.0\checker-qual-3.8.0.jar;C:\Users\Vinith\.m2\repository\com\google\errorprone\error_prone_annotations\2.5.1\error_prone_annotations-2.5.1.jar;C:\Users\Vinith\.m2\repository\com\google\j2objc\j2objc-annotations\1.3\j2objc-annotations-1.3.jar;C:\Users\Vinith\.m2\repository\org\seleniumhq
Launcher Type: SUN_STANDARD

Environment Variables:
PATH=C:/Program Files/Java/jre1.8.0_291/bin/server;C:/Program Files/Java/jre1.8.0_291/bin;C:/Program Files/Java/jre1.8.0_291/lib/amd64;C:\Program Files (x86)\Common Files\Oracle\Java\javapath;C:\Program Files\Java\jdk1.8.0_271\bin;C:\Program Files\Java\jre1.8.0_281\bin;C:\Program Files\Git\cmd;C:\Users\Vinith\AppData\Local\Microsoft\WindowsApps;;C:\Windows\System32;
USERNAME=Vinith
OS=Windows_NT
PROCESSOR_IDENTIFIER=Intel64 Family 6 Model 58 Stepping 9, GenuineIntel



---------------  S Y S T E M  ---------------

OS: Windows 10.0 , 64 bit Build 19041 (10.0.19041.1023)

CPU:total 2 (initial active 2) (2 cores per cpu, 1 threads per core) family 6 model 58 stepping 9, cmov, cx8, fxsr, mmx, sse, sse2, sse3, ssse3, sse4.1, sse4.2, popcnt, clmul, erms, tsc, tscinvbit, tscinv

Memory: 4k page, physical 1701892k(243296k free), swap 6944772k(1864k free)

vm_info: Java HotSpot(TM) 64-Bit Server VM (25.291-b10) for windows-amd64 JRE (1.8.0_291-b10), built on Apr  9 2021 00:02:00 by "java_re" with MS VC++ 15.9 (VS2017)

time: Sat Aug 14 18:37:15 2021
timezone: India Standard Time
elapsed time: 7.047663 seconds (0d 0h 0m 7s)

