#
# There is insufficient memory for the Java Runtime Environment to continue.
# Native memory allocation (malloc) failed to allocate 250672 bytes for Chunk::new
# Possible reasons:
#   The system is out of physical RAM or swap space
#   The process is running with CompressedOops enabled, and the Java Heap may be blocking the growth of the native heap
# Possible solutions:
#   Reduce memory load on the system
#   Increase physical memory or swap space
#   Check if swap backing store is full
#   Decrease Java heap size (-Xmx/-Xms)
#   Decrease number of Java threads
#   Decrease Java thread stack sizes (-Xss)
#   Set larger code cache with -XX:ReservedCodeCacheSize=
#   JVM is running with Unscaled Compressed Oops mode in which the Java heap is
#     placed in the first 4GB address space. The Java Heap base address is the
#     maximum limit for the native heap growth. Please use -XX:HeapBaseMinAddress
#     to set the Java Heap base and to place the Java Heap above 4GB virtual address.
# This output file may be truncated or incomplete.
#
#  Out of Memory Error (allocation.cpp:389), pid=6208, tid=0x0000000000001798
#
# JRE version: Java(TM) SE Runtime Environment (8.0_291-b10) (build 1.8.0_291-b10)
# Java VM: Java HotSpot(TM) 64-Bit Server VM (25.291-b10 mixed mode windows-amd64 compressed oops)
# Failed to write core dump. Minidumps are not enabled by default on client versions of Windows
#

---------------  T H R E A D  ---------------

Current thread (0x000001fc5b0a9000):  JavaThread "C2 CompilerThread0" daemon [_thread_in_native, id=6040, stack(0x0000006a13e00000,0x0000006a13f00000)]

Stack: [0x0000006a13e00000,0x0000006a13f00000]
Native frames: (J=compiled Java code, j=interpreted, Vv=VM code, C=native code)
V  [jvm.dll+0x32ea19]
V  [jvm.dll+0x275462]
V  [jvm.dll+0x27610d]
V  [jvm.dll+0x26cb45]
V  [jvm.dll+0xd524c]
V  [jvm.dll+0xd5a4c]
V  [jvm.dll+0x46fd95]
V  [jvm.dll+0x43756e]
V  [jvm.dll+0x440855]
V  [jvm.dll+0x43fc15]
V  [jvm.dll+0x42aa57]
V  [jvm.dll+0xabeeb]
V  [jvm.dll+0xaa54b]
V  [jvm.dll+0x23db02]
V  [jvm.dll+0x29210c]
C  [ucrtbase.dll+0x21bb2]
C  [KERNEL32.DLL+0x17034]
C  [ntdll.dll+0x52651]


Current CompileTask:
C2:  26268 2077       4       java.io.WinNTFileSystem::normalize (143 bytes)


---------------  P R O C E S S  ---------------

Java Threads: ( => current thread )
  0x000001fc5c918000 JavaThread "Keep-Alive-Timer" daemon [_thread_blocked, id=9080, stack(0x0000006a14c00000,0x0000006a14d00000)]
  0x000001fc5c912000 JavaThread "AsyncHttpClient-1-2" daemon [_thread_in_native, id=9672, stack(0x0000006a14d00000,0x0000006a14e00000)]
  0x000001fc5bacd000 JavaThread "UrlChecker-2" daemon [_thread_blocked, id=7228, stack(0x0000006a14900000,0x0000006a14a00000)]
  0x000001fc5ba82000 JavaThread "Driver Service Executor" daemon [_thread_blocked, id=9288, stack(0x0000006a14800000,0x0000006a14900000)]
  0x000001fc5ba81000 JavaThread "Driver Service Executor" daemon [_thread_blocked, id=7536, stack(0x0000006a14700000,0x0000006a14800000)]
  0x000001fc5c344800 JavaThread "netty-client-timer-3-1" daemon [_thread_blocked, id=8964, stack(0x0000006a14400000,0x0000006a14500000)]
  0x000001fc5c2ec800 JavaThread "AsyncHttpClient-1-1" daemon [_thread_blocked, id=11604, stack(0x0000006a14500000,0x0000006a14600000)]
  0x000001fc5bc1f800 JavaThread "ReaderThread" [_thread_in_native, id=1592, stack(0x0000006a14300000,0x0000006a14400000)]
  0x000001fc5b119800 JavaThread "Service Thread" daemon [_thread_blocked, id=5620, stack(0x0000006a14000000,0x0000006a14100000)]
  0x000001fc5b0c8800 JavaThread "C1 CompilerThread1" daemon [_thread_blocked, id=4000, stack(0x0000006a13f00000,0x0000006a14000000)]
=>0x000001fc5b0a9000 JavaThread "C2 CompilerThread0" daemon [_thread_in_native, id=6040, stack(0x0000006a13e00000,0x0000006a13f00000)]
  0x000001fc5b0a3800 JavaThread "Attach Listener" daemon [_thread_blocked, id=8740, stack(0x0000006a13d00000,0x0000006a13e00000)]
  0x000001fc5b0a2800 JavaThread "Signal Dispatcher" daemon [_thread_blocked, id=9360, stack(0x0000006a13c00000,0x0000006a13d00000)]
  0x000001fc5b086000 JavaThread "Finalizer" daemon [_thread_blocked, id=12432, stack(0x0000006a13b00000,0x0000006a13c00000)]
  0x000001fc5b05d000 JavaThread "Reference Handler" daemon [_thread_blocked, id=12592, stack(0x0000006a13a00000,0x0000006a13b00000)]
  0x000001fc499d4800 JavaThread "main" [_thread_in_vm, id=3400, stack(0x0000006a13800000,0x0000006a13900000)]

Other Threads:
  0x000001fc5b052000 VMThread [stack: 0x0000006a13900000,0x0000006a13a00000] [id=9608]
  0x000001fc5b140800 WatcherThread [stack: 0x0000006a14100000,0x0000006a14200000] [id=6544]

VM state:not at safepoint (normal execution)

VM Mutex/Monitor currently owned by a thread: None

heap address: 0x00000000e6000000, size: 416 MB, Compressed Oops mode: 32-bit
Narrow klass base: 0x0000000000000000, Narrow klass shift: 3
Compressed class space size: 1073741824 Address: 0x0000000100000000

Heap:
 def new generation   total 8064K, used 6958K [0x00000000e6000000, 0x00000000e68c0000, 0x00000000eeaa0000)
  eden space 7168K,  85% used [0x00000000e6000000, 0x00000000e6603bf0, 0x00000000e6700000)
  from space 896K,  89% used [0x00000000e6700000, 0x00000000e67c7d50, 0x00000000e67e0000)
  to   space 896K,   0% used [0x00000000e67e0000, 0x00000000e67e0000, 0x00000000e68c0000)
 tenured generation   total 34180K, used 23554K [0x00000000eeaa0000, 0x00000000f0c01000, 0x0000000100000000)
   the space 34180K,  68% used [0x00000000eeaa0000, 0x00000000f01a0918, 0x00000000f01a0a00, 0x00000000f0c01000)
 Metaspace       used 26411K, capacity 27582K, committed 27904K, reserved 1073152K
  class space    used 3430K, capacity 3775K, committed 3840K, reserved 1048576K

Card table byte_map: [0x000001fc5a5f0000,0x000001fc5a6d0000] byte_map_base: 0x000001fc59ec0000

Polling page: 0x000001fc49910000

CodeCache: size=245760Kb used=6987Kb max_used=6987Kb free=238772Kb
 bounds [0x000001fc4b230000, 0x000001fc4b910000, 0x000001fc5a230000]
 total_blobs=2518 nmethods=2047 adapters=384
 compilation: enabled

Compilation events (10 events):
Event: 26.005 Thread 0x000001fc5b0c8800 2080       3       java.lang.invoke.InnerClassLambdaMetafactory$1::run (5 bytes)
Event: 26.007 Thread 0x000001fc5b0c8800 nmethod 2080 0x000001fc4b35e190 code [0x000001fc4b35e380, 0x000001fc4b35ea60]
Event: 26.007 Thread 0x000001fc5b0c8800 2081       3       java.lang.invoke.MethodHandles::constant (87 bytes)
Event: 26.009 Thread 0x000001fc5b0c8800 nmethod 2081 0x000001fc4b905d10 code [0x000001fc4b905fc0, 0x000001fc4b9071d0]
Event: 26.009 Thread 0x000001fc5b0c8800 2082       3       java.lang.invoke.DelegatingMethodHandle::rebind (8 bytes)
Event: 26.009 Thread 0x000001fc5b0c8800 nmethod 2082 0x000001fc4b360710 code [0x000001fc4b360880, 0x000001fc4b360b60]
Event: 26.009 Thread 0x000001fc5b0c8800 2083       3       java.lang.invoke.SimpleMethodHandle::copyWithExtendL (7 bytes)
Event: 26.010 Thread 0x000001fc5b0c8800 nmethod 2083 0x000001fc4b8d7ed0 code [0x000001fc4b8d8060, 0x000001fc4b8d8390]
Event: 26.046 Thread 0x000001fc5b0c8800 2085       1       java.util.TreeMap::access$100 (5 bytes)
Event: 26.046 Thread 0x000001fc5b0c8800 nmethod 2085 0x000001fc4b35cd90 code [0x000001fc4b35cee0, 0x000001fc4b35cfd8]

GC Heap History (10 events):
Event: 14.824 GC heap before
{Heap before GC invocations=12 (full 1):
 def new generation   total 8064K, used 8061K [0x00000000e6000000, 0x00000000e68c0000, 0x00000000eeaa0000)
  eden space 7168K, 100% used [0x00000000e6000000, 0x00000000e6700000, 0x00000000e6700000)
  from space 896K,  99% used [0x00000000e67e0000, 0x00000000e68bf608, 0x00000000e68c0000)
  to   space 896K,   0% used [0x00000000e6700000, 0x00000000e6700000, 0x00000000e67e0000)
 tenured generation   total 17792K, used 7620K [0x00000000eeaa0000, 0x00000000efc00000, 0x0000000100000000)
   the space 17792K,  42% used [0x00000000eeaa0000, 0x00000000ef211138, 0x00000000ef211200, 0x00000000efc00000)
 Metaspace       used 22172K, capacity 23178K, committed 23424K, reserved 1069056K
  class space    used 2883K, capacity 3149K, committed 3200K, reserved 1048576K
Event: 14.829 GC heap after
Heap after GC invocations=13 (full 1):
 def new generation   total 8064K, used 895K [0x00000000e6000000, 0x00000000e68c0000, 0x00000000eeaa0000)
  eden space 7168K,   0% used [0x00000000e6000000, 0x00000000e6000000, 0x00000000e6700000)
  from space 896K,  99% used [0x00000000e6700000, 0x00000000e67dfe58, 0x00000000e67e0000)
  to   space 896K,   0% used [0x00000000e67e0000, 0x00000000e67e0000, 0x00000000e68c0000)
 tenured generation   total 17792K, used 7800K [0x00000000eeaa0000, 0x00000000efc00000, 0x0000000100000000)
   the space 17792K,  43% used [0x00000000eeaa0000, 0x00000000ef23e230, 0x00000000ef23e400, 0x00000000efc00000)
 Metaspace       used 22172K, capacity 23178K, committed 23424K, reserved 1069056K
  class space    used 2883K, capacity 3149K, committed 3200K, reserved 1048576K
}
Event: 14.840 GC heap before
{Heap before GC invocations=13 (full 1):
 def new generation   total 8064K, used 1047K [0x00000000e6000000, 0x00000000e68c0000, 0x00000000eeaa0000)
  eden space 7168K,   2% used [0x00000000e6000000, 0x00000000e6025ec8, 0x00000000e6700000)
  from space 896K,  99% used [0x00000000e6700000, 0x00000000e67dfe58, 0x00000000e67e0000)
  to   space 896K,   0% used [0x00000000e67e0000, 0x00000000e67e0000, 0x00000000e68c0000)
 tenured generation   total 17792K, used 7800K [0x00000000eeaa0000, 0x00000000efc00000, 0x0000000100000000)
   the space 17792K,  43% used [0x00000000eeaa0000, 0x00000000ef23e230, 0x00000000ef23e400, 0x00000000efc00000)
 Metaspace       used 22187K, capacity 23242K, committed 23424K, reserved 1069056K
  class space    used 2886K, capacity 3149K, committed 3200K, reserved 1048576K
Event: 14.876 GC heap after
Heap after GC invocations=14 (full 2):
 def new generation   total 8064K, used 0K [0x00000000e6000000, 0x00000000e68c0000, 0x00000000eeaa0000)
  eden space 7168K,   0% used [0x00000000e6000000, 0x00000000e6000000, 0x00000000e6700000)
  from space 896K,   0% used [0x00000000e67e0000, 0x00000000e67e0000, 0x00000000e68c0000)
  to   space 896K,   0% used [0x00000000e6700000, 0x00000000e6700000, 0x00000000e67e0000)
 tenured generation   total 17792K, used 6561K [0x00000000eeaa0000, 0x00000000efc00000, 0x0000000100000000)
   the space 17792K,  36% used [0x00000000eeaa0000, 0x00000000ef1087f0, 0x00000000ef108800, 0x00000000efc00000)
 Metaspace       used 22187K, capacity 23242K, committed 23424K, reserved 1069056K
  class space    used 2886K, capacity 3149K, committed 3200K, reserved 1048576K
}
Event: 24.555 GC heap before
{Heap before GC invocations=14 (full 2):
 def new generation   total 8064K, used 7168K [0x00000000e6000000, 0x00000000e68c0000, 0x00000000eeaa0000)
  eden space 7168K, 100% used [0x00000000e6000000, 0x00000000e6700000, 0x00000000e6700000)
  from space 896K,   0% used [0x00000000e67e0000, 0x00000000e67e0000, 0x00000000e68c0000)
  to   space 896K,   0% used [0x00000000e6700000, 0x00000000e6700000, 0x00000000e67e0000)
 tenured generation   total 34180K, used 22946K [0x00000000eeaa0000, 0x00000000f0c01000, 0x0000000100000000)
   the space 34180K,  67% used [0x00000000eeaa0000, 0x00000000f0108800, 0x00000000f0108800, 0x00000000f0c01000)
 Metaspace       used 23272K, capacity 24294K, committed 24576K, reserved 1071104K
  class space    used 3050K, capacity 3299K, committed 3328K, reserved 1048576K
Event: 24.561 GC heap after
Heap after GC invocations=15 (full 2):
 def new generation   total 8064K, used 896K [0x00000000e6000000, 0x00000000e68c0000, 0x00000000eeaa0000)
  eden space 7168K,   0% used [0x00000000e6000000, 0x00000000e6000000, 0x00000000e6700000)
  from space 896K, 100% used [0x00000000e6700000, 0x00000000e67e0000, 0x00000000e67e0000)
  to   space 896K,   0% used [0x00000000e67e0000, 0x00000000e67e0000, 0x00000000e68c0000)
 tenured generation   total 34180K, used 23048K [0x00000000eeaa0000, 0x00000000f0c01000, 0x0000000100000000)
   the space 34180K,  67% used [0x00000000eeaa0000, 0x00000000f0122258, 0x00000000f0122400, 0x00000000f0c01000)
 Metaspace       used 23272K, capacity 24294K, committed 24576K, reserved 1071104K
  class space    used 3050K, capacity 3299K, committed 3328K, reserved 1048576K
}
Event: 25.084 GC heap before
{Heap before GC invocations=15 (full 2):
 def new generation   total 8064K, used 8064K [0x00000000e6000000, 0x00000000e68c0000, 0x00000000eeaa0000)
  eden space 7168K, 100% used [0x00000000e6000000, 0x00000000e6700000, 0x00000000e6700000)
  from space 896K, 100% used [0x00000000e6700000, 0x00000000e67e0000, 0x00000000e67e0000)
  to   space 896K,   0% used [0x00000000e67e0000, 0x00000000e67e0000, 0x00000000e68c0000)
 tenured generation   total 34180K, used 23048K [0x00000000eeaa0000, 0x00000000f0c01000, 0x0000000100000000)
   the space 34180K,  67% used [0x00000000eeaa0000, 0x00000000f0122258, 0x00000000f0122400, 0x00000000f0c01000)
 Metaspace       used 24224K, capacity 25318K, committed 25472K, reserved 1071104K
  class space    used 3147K, capacity 3427K, committed 3456K, reserved 1048576K
Event: 25.088 GC heap after
Heap after GC invocations=16 (full 2):
 def new generation   total 8064K, used 895K [0x00000000e6000000, 0x00000000e68c0000, 0x00000000eeaa0000)
  eden space 7168K,   0% used [0x00000000e6000000, 0x00000000e6000000, 0x00000000e6700000)
  from space 896K,  99% used [0x00000000e67e0000, 0x00000000e68bffe8, 0x00000000e68c0000)
  to   space 896K,   0% used [0x00000000e6700000, 0x00000000e6700000, 0x00000000e67e0000)
 tenured generation   total 34180K, used 23267K [0x00000000eeaa0000, 0x00000000f0c01000, 0x0000000100000000)
   the space 34180K,  68% used [0x00000000eeaa0000, 0x00000000f0158ce8, 0x00000000f0158e00, 0x00000000f0c01000)
 Metaspace       used 24224K, capacity 25318K, committed 25472K, reserved 1071104K
  class space    used 3147K, capacity 3427K, committed 3456K, reserved 1048576K
}
Event: 25.764 GC heap before
{Heap before GC invocations=16 (full 2):
 def new generation   total 8064K, used 8063K [0x00000000e6000000, 0x00000000e68c0000, 0x00000000eeaa0000)
  eden space 7168K, 100% used [0x00000000e6000000, 0x00000000e6700000, 0x00000000e6700000)
  from space 896K,  99% used [0x00000000e67e0000, 0x00000000e68bffe8, 0x00000000e68c0000)
  to   space 896K,   0% used [0x00000000e6700000, 0x00000000e6700000, 0x00000000e67e0000)
 tenured generation   total 34180K, used 23267K [0x00000000eeaa0000, 0x00000000f0c01000, 0x0000000100000000)
   the space 34180K,  68% used [0x00000000eeaa0000, 0x00000000f0158ce8, 0x00000000f0158e00, 0x00000000f0c01000)
 Metaspace       used 25542K, capacity 26666K, committed 27008K, reserved 1073152K
  class space    used 3306K, capacity 3589K, committed 3712K, reserved 1048576K
Event: 25.768 GC heap after
Heap after GC invocations=17 (full 2):
 def new generation   total 8064K, used 799K [0x00000000e6000000, 0x00000000e68c0000, 0x00000000eeaa0000)
  eden space 7168K,   0% used [0x00000000e6000000, 0x00000000e6000000, 0x00000000e6700000)
  from space 896K,  89% used [0x00000000e6700000, 0x00000000e67c7d50, 0x00000000e67e0000)
  to   space 896K,   0% used [0x00000000e67e0000, 0x00000000e67e0000, 0x00000000e68c0000)
 tenured generation   total 34180K, used 23554K [0x00000000eeaa0000, 0x00000000f0c01000, 0x0000000100000000)
   the space 34180K,  68% used [0x00000000eeaa0000, 0x00000000f01a0918, 0x00000000f01a0a00, 0x00000000f0c01000)
 Metaspace       used 25542K, capacity 26666K, committed 27008K, reserved 1073152K
  class space    used 3306K, capacity 3589K, committed 3712K, reserved 1048576K
}

Deoptimization events (10 events):
Event: 8.326 Thread 0x000001fc5bacd000 Uncommon trap: reason=unstable_if action=reinterpret pc=0x000001fc4b65229c method=java.lang.CharacterDataLatin1.digit(II)I @ 82
Event: 8.860 Thread 0x000001fc5bacd000 Uncommon trap: reason=unstable_if action=reinterpret pc=0x000001fc4b649914 method=java.lang.CharacterDataLatin1.digit(II)I @ 82
Event: 13.032 Thread 0x000001fc499d4800 Uncommon trap: reason=unstable_if action=reinterpret pc=0x000001fc4b7a24d4 method=jdk.internal.org.objectweb.asm.Type.getArgumentsAndReturnSizes(Ljava/lang/String;)I @ 41
Event: 13.382 Thread 0x000001fc499d4800 Uncommon trap: reason=unstable_if action=reinterpret pc=0x000001fc4b66c71c method=java.util.regex.Pattern$BmpCharProperty.match(Ljava/util/regex/Matcher;ILjava/lang/CharSequence;)Z @ 34
Event: 24.314 Thread 0x000001fc499d4800 Uncommon trap: reason=unstable_if action=reinterpret pc=0x000001fc4b5bf0fc method=java.util.concurrent.ConcurrentHashMap.get(Ljava/lang/Object;)Ljava/lang/Object; @ 76
Event: 24.314 Thread 0x000001fc499d4800 Uncommon trap: reason=class_check action=maybe_recompile pc=0x000001fc4b7a89b0 method=java.util.concurrent.ConcurrentHashMap.putVal(Ljava/lang/Object;Ljava/lang/Object;Z)Ljava/lang/Object; @ 192
Event: 24.366 Thread 0x000001fc499d4800 Uncommon trap: reason=class_check action=maybe_recompile pc=0x000001fc4b7a89b0 method=java.util.concurrent.ConcurrentHashMap.putVal(Ljava/lang/Object;Ljava/lang/Object;Z)Ljava/lang/Object; @ 192
Event: 24.415 Thread 0x000001fc499d4800 Uncommon trap: reason=class_check action=maybe_recompile pc=0x000001fc4b7a89b0 method=java.util.concurrent.ConcurrentHashMap.putVal(Ljava/lang/Object;Ljava/lang/Object;Z)Ljava/lang/Object; @ 192
Event: 24.493 Thread 0x000001fc499d4800 Uncommon trap: reason=unstable_if action=reinterpret pc=0x000001fc4b61f834 method=java.io.WinNTFileSystem.isLetter(C)Z @ 15
Event: 25.276 Thread 0x000001fc499d4800 Uncommon trap: reason=predicate action=maybe_recompile pc=0x000001fc4b85bfd8 method=java.util.regex.Pattern$Slice.match(Ljava/util/regex/Matcher;ILjava/lang/CharSequence;)Z @ 21

Classes redefined (0 events):
No events

Internal exceptions (10 events):
Event: 11.051 Thread 0x000001fc5bacd000 Exception <a 'java/net/SocketTimeoutException': connect timed out> (0x00000000e6387df8) thrown at [C:\jenkins\workspace\8-2-build-windows-amd64-cygwin\jdk8u291\1294\hotspot\src\share\vm\prims\jni.cpp, line 737]
Event: 11.734 Thread 0x000001fc5bacd000 Exception <a 'java/net/SocketTimeoutException': connect timed out> (0x00000000e63892d8) thrown at [C:\jenkins\workspace\8-2-build-windows-amd64-cygwin\jdk8u291\1294\hotspot\src\share\vm\prims\jni.cpp, line 737]
Event: 12.574 Thread 0x000001fc5bacd000 Exception <a 'java/net/SocketTimeoutException': connect timed out> (0x00000000e63ceca0) thrown at [C:\jenkins\workspace\8-2-build-windows-amd64-cygwin\jdk8u291\1294\hotspot\src\share\vm\prims\jni.cpp, line 737]
Event: 13.017 Thread 0x000001fc499d4800 Exception <a 'java/lang/NoSuchMethodError': java.lang.Object.lambda$andThen$1(Ljava/util/function/Function;Ljava/lang/Object;)Ljava/lang/Object;> (0x00000000e6477650) thrown at [C:\jenkins\workspace\8-2-build-windows-amd64-cygwin\jdk8u291\1294\hotspot\src
Event: 13.147 Thread 0x000001fc499d4800 Exception <a 'java/lang/NoSuchMethodError': java.lang.Object.lambda$chars$0()Ljava/util/Spliterator$OfInt;> (0x00000000e664e7e8) thrown at [C:\jenkins\workspace\8-2-build-windows-amd64-cygwin\jdk8u291\1294\hotspot\src\share\vm\interpreter\linkResolver.cpp
Event: 13.251 Thread 0x000001fc499d4800 Exception <a 'java/lang/NoSuchMethodError': java.lang.Object.lambda$negate$1(Ljava/lang/Object;)Z> (0x00000000e617fda8) thrown at [C:\jenkins\workspace\8-2-build-windows-amd64-cygwin\jdk8u291\1294\hotspot\src\share\vm\interpreter\linkResolver.cpp, line 62
Event: 24.262 Thread 0x000001fc5bacd000 Exception <a 'java/net/SocketTimeoutException': connect timed out> (0x00000000e645ed30) thrown at [C:\jenkins\workspace\8-2-build-windows-amd64-cygwin\jdk8u291\1294\hotspot\src\share\vm\prims\jni.cpp, line 737]
Event: 24.267 Thread 0x000001fc499d4800 Exception <a 'java/lang/NoSuchMethodError': java.lang.Object.lambda$comparing$77a9974f$1(Ljava/util/function/Function;Ljava/lang/Object;Ljava/lang/Object;)I> (0x00000000e646e698) thrown at [C:\jenkins\workspace\8-2-build-windows-amd64-cygwin\jdk8u291\1294
Event: 24.283 Thread 0x000001fc499d4800 Exception <a 'java/lang/NullPointerException'> (0x00000000e649de68) thrown at [C:\jenkins\workspace\8-2-build-windows-amd64-cygwin\jdk8u291\1294\hotspot\src\share\vm\interpreter\linkResolver.cpp, line 1185]
Event: 24.283 Thread 0x000001fc499d4800 Exception <a 'java/lang/reflect/InvocationTargetException'> (0x00000000e649e258) thrown at [C:\jenkins\workspace\8-2-build-windows-amd64-cygwin\jdk8u291\1294\hotspot\src\share\vm\runtime\reflection.cpp, line 1092]

Events (10 events):
Event: 26.052 loading class org/apache/xmlbeans/XmlOptions
Event: 26.052 loading class org/apache/xmlbeans/XmlOptions done
Event: 26.055 loading class org/openxmlformats/schemas/drawingml/x2006/main/ThemeDocument$Factory
Event: 26.055 loading class org/openxmlformats/schemas/drawingml/x2006/main/ThemeDocument$Factory done
Event: 26.058 loading class org/openxmlformats/schemas/drawingml/x2006/main/ThemeDocument
Event: 26.058 loading class org/openxmlformats/schemas/drawingml/x2006/main/ThemeDocument done
Event: 26.059 loading class org/apache/xmlbeans/XmlBeans
Event: 26.059 loading class org/apache/xmlbeans/XmlBeans done
Event: 26.061 loading class org/apache/xmlbeans/XmlBeans$1
Event: 26.061 loading class org/apache/xmlbeans/XmlBeans$1 done


Dynamic libraries:
0x00007ff637560000 - 0x00007ff6375a7000 	C:\Program Files\Java\jre1.8.0_291\bin\javaw.exe
0x00007ff8302b0000 - 0x00007ff8304a5000 	C:\Windows\SYSTEM32\ntdll.dll
0x00007ff82f980000 - 0x00007ff82fa3d000 	C:\Windows\System32\KERNEL32.DLL
0x00007ff82db30000 - 0x00007ff82ddf9000 	C:\Windows\System32\KERNELBASE.dll
0x00007ff82fe70000 - 0x00007ff82ff1c000 	C:\Windows\System32\ADVAPI32.dll
0x00007ff82fbd0000 - 0x00007ff82fc6e000 	C:\Windows\System32\msvcrt.dll
0x00007ff8301c0000 - 0x00007ff83025b000 	C:\Windows\System32\sechost.dll
0x00007ff82e320000 - 0x00007ff82e44a000 	C:\Windows\System32\RPCRT4.dll
0x00007ff82e8f0000 - 0x00007ff82ea90000 	C:\Windows\System32\USER32.dll
0x00007ff82e1f0000 - 0x00007ff82e212000 	C:\Windows\System32\win32u.dll
0x00007ff82fc70000 - 0x00007ff82fc9a000 	C:\Windows\System32\GDI32.dll
0x00007ff82da20000 - 0x00007ff82db2b000 	C:\Windows\System32\gdi32full.dll
0x00007ff82e150000 - 0x00007ff82e1ed000 	C:\Windows\System32\msvcp_win.dll
0x00007ff82e220000 - 0x00007ff82e320000 	C:\Windows\System32\ucrtbase.dll
0x00007ff81dc10000 - 0x00007ff81deaa000 	C:\Windows\WinSxS\amd64_microsoft.windows.common-controls_6595b64144ccf1df_6.0.19041.1110_none_60b5254171f9507e\COMCTL32.dll
0x00007ff830190000 - 0x00007ff8301c0000 	C:\Windows\System32\IMM32.DLL
0x00007ff824b00000 - 0x00007ff824b15000 	C:\Program Files\Java\jre1.8.0_291\bin\vcruntime140.dll
0x00007ff80deb0000 - 0x00007ff80df4b000 	C:\Program Files\Java\jre1.8.0_291\bin\msvcp140.dll
0x0000000050390000 - 0x0000000050bf0000 	C:\Program Files\Java\jre1.8.0_291\bin\server\jvm.dll
0x00007ff830260000 - 0x00007ff830268000 	C:\Windows\System32\PSAPI.DLL
0x00007ff823af0000 - 0x00007ff823b17000 	C:\Windows\SYSTEM32\WINMM.dll
0x00007ff822000000 - 0x00007ff82200a000 	C:\Windows\SYSTEM32\VERSION.dll
0x00007ff82aa30000 - 0x00007ff82aa39000 	C:\Windows\SYSTEM32\WSOCK32.dll
0x00007ff82fa40000 - 0x00007ff82faab000 	C:\Windows\System32\ws2_32.DLL
0x00007ff82b920000 - 0x00007ff82b932000 	C:\Windows\SYSTEM32\kernel.appcore.dll
0x00007ff827500000 - 0x00007ff827510000 	C:\Program Files\Java\jre1.8.0_291\bin\verify.dll
0x00007ff81f360000 - 0x00007ff81f38b000 	C:\Program Files\Java\jre1.8.0_291\bin\java.dll
0x00007ff81d250000 - 0x00007ff81d268000 	C:\Program Files\Java\jre1.8.0_291\bin\zip.dll
0x00007ff82f240000 - 0x00007ff82f97f000 	C:\Windows\System32\SHELL32.dll
0x00007ff82bb20000 - 0x00007ff82c2b1000 	C:\Windows\SYSTEM32\windows.storage.dll
0x00007ff82e590000 - 0x00007ff82e8e5000 	C:\Windows\System32\combase.dll
0x00007ff82d460000 - 0x00007ff82d48c000 	C:\Windows\SYSTEM32\Wldp.dll
0x00007ff82fd30000 - 0x00007ff82fdde000 	C:\Windows\System32\SHCORE.dll
0x00007ff82e450000 - 0x00007ff82e4a5000 	C:\Windows\System32\shlwapi.dll
0x00007ff82d930000 - 0x00007ff82d94f000 	C:\Windows\SYSTEM32\profapi.dll
0x00007ff81af00000 - 0x00007ff81af1c000 	C:\Program Files\Java\jre1.8.0_291\bin\net.dll
0x00007ff82d1c0000 - 0x00007ff82d22a000 	C:\Windows\system32\mswsock.dll
0x00007ff82cea0000 - 0x00007ff82cf6c000 	C:\Windows\SYSTEM32\DNSAPI.dll
0x00007ff82ce60000 - 0x00007ff82ce9b000 	C:\Windows\SYSTEM32\IPHLPAPI.DLL
0x00007ff82fd20000 - 0x00007ff82fd28000 	C:\Windows\System32\NSI.dll
0x00007ff826050000 - 0x00007ff82605a000 	C:\Windows\System32\rasadhlp.dll
0x00007ff826940000 - 0x00007ff8269bf000 	C:\Windows\System32\fwpuclnt.dll
0x00007ff82d9f0000 - 0x00007ff82da17000 	C:\Windows\System32\bcrypt.dll
0x00007ff82d3a0000 - 0x00007ff82d3b8000 	C:\Windows\SYSTEM32\CRYPTSP.dll
0x00007ff82caf0000 - 0x00007ff82cb24000 	C:\Windows\system32\rsaenh.dll
0x00007ff82d8b0000 - 0x00007ff82d8de000 	C:\Windows\SYSTEM32\USERENV.dll
0x00007ff82de00000 - 0x00007ff82de83000 	C:\Windows\System32\bcryptprimitives.dll
0x00007ff82d3c0000 - 0x00007ff82d3cc000 	C:\Windows\SYSTEM32\CRYPTBASE.dll
0x00007ff827510000 - 0x00007ff827527000 	C:\Windows\SYSTEM32\dhcpcsvc6.DLL
0x00007ff827e10000 - 0x00007ff827e2d000 	C:\Windows\SYSTEM32\dhcpcsvc.DLL
0x00007ff81aee0000 - 0x00007ff81aef3000 	C:\Program Files\Java\jre1.8.0_291\bin\nio.dll
0x00007ff824350000 - 0x00007ff824374000 	C:\Program Files\Java\jre1.8.0_291\bin\sunec.dll
0x00007ff824860000 - 0x00007ff82486d000 	C:\Program Files\Java\jre1.8.0_291\bin\management.dll
0x00007ff8252b0000 - 0x00007ff8252c7000 	C:\Windows\system32\napinsp.dll
0x00007ff824ae0000 - 0x00007ff824afb000 	C:\Windows\system32\pnrpnsp.dll
0x00007ff812300000 - 0x00007ff812315000 	C:\Windows\system32\wshbth.dll
0x00007ff828cd0000 - 0x00007ff828ced000 	C:\Windows\system32\NLAapi.dll
0x00007ff824820000 - 0x00007ff824832000 	C:\Windows\System32\winrnr.dll
0x00007ff8287a0000 - 0x00007ff828984000 	C:\Windows\SYSTEM32\dbghelp.dll

VM Arguments:
jvm_args: -ea -Dfile.encoding=Cp1252 
java_command: org.testng.remote.RemoteTestNG -serport 51862 -protocol json -d D:\JAVA\eclipse\TestNG_POM\test-output D:\JAVA\eclipse\TestNG_POM\UIBank.xml
java_class_path (initial): C:\Users\Vinith\eclipse\java-2020-062\eclipse\configuration\org.eclipse.osgi\703\0\.cp\lib\testng-remote.jar;D:\JAVA\eclipse\TestNG_POM\target\test-classes;D:\JAVA\eclipse\TestNG_POM\target\classes;C:\Users\Vinith\.p2\pool\plugins\org.testng_7.4.0.r202105021533.jar;C:\Users\Vinith\.p2\pool\plugins\com.beust.jcommander_1.78.0.jar;C:\Users\Vinith\.p2\pool\plugins\org.apache-extras.beanshell.bsh_2.0.0.b6.jar;C:\Users\Vinith\.p2\pool\plugins\org.yaml.snakeyaml_1.21.0.jar;C:\Users\Vinith\.p2\pool\plugins\org.webjars.jquery_3.5.1.jar;C:\Users\Vinith\.m2\repository\org\apache\poi\poi-ooxml\4.1.2\poi-ooxml-4.1.2.jar;C:\Users\Vinith\.m2\repository\org\seleniumhq\selenium\selenium-java\4.0.0-beta-4\selenium-java-4.0.0-beta-4.jar;C:\Users\Vinith\.m2\repository\org\seleniumhq\selenium\selenium-api\4.0.0-beta-4\selenium-api-4.0.0-beta-4.jar;C:\Users\Vinith\.m2\repository\org\seleniumhq\selenium\selenium-chrome-driver\4.0.0-beta-4\selenium-chrome-driver-4.0.0-beta-4.jar;C:\Users\Vinith\.m2\repository\com\google\auto\service\auto-service-annotations\1.0\auto-service-annotations-1.0.jar;C:\Users\Vinith\.m2\repository\com\google\auto\service\auto-service\1.0\auto-service-1.0.jar;C:\Users\Vinith\.m2\repository\com\google\auto\auto-common\1.0\auto-common-1.0.jar;C:\Users\Vinith\.m2\repository\com\google\guava\guava\30.1.1-jre\guava-30.1.1-jre.jar;C:\Users\Vinith\.m2\repository\com\google\guava\failureaccess\1.0.1\failureaccess-1.0.1.jar;C:\Users\Vinith\.m2\repository\com\google\guava\listenablefuture\9999.0-empty-to-avoid-conflict-with-guava\listenablefuture-9999.0-empty-to-avoid-conflict-with-guava.jar;C:\Users\Vinith\.m2\repository\com\google\code\findbugs\jsr305\3.0.2\jsr305-3.0.2.jar;C:\Users\Vinith\.m2\repository\org\checkerframework\checker-qual\3.8.0\checker-qual-3.8.0.jar;C:\Users\Vinith\.m2\repository\com\google\errorprone\error_prone_annotations\2.5.1\error_prone_annotations-2.5.1.jar;C:\Users\Vinith\.m2\repository\com\google\j2objc\j2objc-annota
Launcher Type: SUN_STANDARD

Environment Variables:
PATH=C:/Program Files/Java/jre1.8.0_291/bin/server;C:/Program Files/Java/jre1.8.0_291/bin;C:/Program Files/Java/jre1.8.0_291/lib/amd64;C:\Program Files (x86)\Common Files\Oracle\Java\javapath;C:\Program Files\Java\jdk1.8.0_271\bin;C:\Program Files\Java\jre1.8.0_281\bin;C:\Program Files\Git\cmd;C:\Users\Vinith\AppData\Local\Microsoft\WindowsApps;;C:\Windows\System32;
USERNAME=Vinith
OS=Windows_NT
PROCESSOR_IDENTIFIER=Intel64 Family 6 Model 58 Stepping 9, GenuineIntel



---------------  S Y S T E M  ---------------

OS: Windows 10.0 , 64 bit Build 19041 (10.0.19041.1023)

CPU:total 2 (initial active 2) (2 cores per cpu, 1 threads per core) family 6 model 58 stepping 9, cmov, cx8, fxsr, mmx, sse, sse2, sse3, ssse3, sse4.1, sse4.2, popcnt, clmul, erms, tsc, tscinvbit, tscinv

Memory: 4k page, physical 1701892k(271168k free), swap 6944772k(2304k free)

vm_info: Java HotSpot(TM) 64-Bit Server VM (25.291-b10) for windows-amd64 JRE (1.8.0_291-b10), built on Apr  9 2021 00:02:00 by "java_re" with MS VC++ 15.9 (VS2017)

time: Sat Aug 14 18:30:48 2021
timezone: India Standard Time
elapsed time: 26.281735 seconds (0d 0h 0m 26s)

